<?xml version="1.0" encoding="UTF-8"?>
<coverage generated="1639634969741" clover="3.2.0">
  <project timestamp="1639634969741" name="All files">
    <metrics statements="230" coveredstatements="146" conditionals="189" coveredconditionals="58" methods="84" coveredmethods="46" elements="503" coveredelements="250" complexity="0" loc="230" ncloc="230" packages="10" files="11" classes="11"/>
    <package name="src">
      <metrics statements="88" coveredstatements="58" conditionals="87" coveredconditionals="27" methods="34" coveredmethods="14"/>
      <file name="index.ts" path="/Users/the-kid/work/contract-work/HiveCommandClient/packages/core/command-state-machine/src/index.ts">
        <metrics statements="88" coveredstatements="58" conditionals="87" coveredconditionals="27" methods="34" coveredmethods="14"/>
        <line num="2" count="5" type="stmt"/>
        <line num="3" count="5" type="stmt"/>
        <line num="6" count="5" type="stmt"/>
        <line num="7" count="5" type="stmt"/>
        <line num="8" count="5" type="stmt"/>
        <line num="14" count="5" type="cond" truecount="2" falsecount="0"/>
        <line num="15" count="5" type="stmt"/>
        <line num="16" count="5" type="stmt"/>
        <line num="17" count="5" type="stmt"/>
        <line num="18" count="5" type="stmt"/>
        <line num="21" count="5" type="stmt"/>
        <line num="23" count="5" type="stmt"/>
        <line num="42" count="5" type="stmt"/>
        <line num="46" count="8" type="stmt"/>
        <line num="48" count="8" type="stmt"/>
        <line num="50" count="8" type="stmt"/>
        <line num="52" count="8" type="stmt"/>
        <line num="54" count="8" type="stmt"/>
        <line num="56" count="8" type="stmt"/>
        <line num="62" count="8" type="stmt"/>
        <line num="68" count="8" type="stmt"/>
        <line num="76" count="8" type="cond" truecount="2" falsecount="0"/>
        <line num="78" count="8" type="stmt"/>
        <line num="79" count="8" type="stmt"/>
        <line num="80" count="8" type="stmt"/>
        <line num="82" count="8" type="cond" truecount="2" falsecount="0"/>
        <line num="84" count="8" type="stmt"/>
        <line num="86" count="8" type="cond" truecount="4" falsecount="0"/>
        <line num="88" count="8" type="stmt"/>
        <line num="90" count="8" type="stmt"/>
        <line num="92" count="8" type="stmt"/>
        <line num="94" count="8" type="stmt"/>
        <line num="103" count="5" type="stmt"/>
        <line num="104" count="4" type="stmt"/>
        <line num="107" count="5" type="stmt"/>
        <line num="108" count="0" type="stmt"/>
        <line num="120" count="5" type="stmt"/>
        <line num="121" count="0" type="cond" truecount="0" falsecount="8"/>
        <line num="124" count="5" type="stmt"/>
        <line num="125" count="0" type="cond" truecount="0" falsecount="4"/>
        <line num="126" count="0" type="cond" truecount="0" falsecount="3"/>
        <line num="127" count="0" type="cond" truecount="0" falsecount="4"/>
        <line num="132" count="5" type="stmt"/>
        <line num="134" count="0" type="stmt"/>
        <line num="135" count="0" type="cond" truecount="0" falsecount="10"/>
        <line num="136" count="0" type="cond" truecount="0" falsecount="4"/>
        <line num="138" count="0" type="cond" truecount="0" falsecount="1"/>
        <line num="141" count="0" type="stmt"/>
        <line num="142" count="0" type="cond" truecount="0" falsecount="2"/>
        <line num="144" count="0" type="stmt"/>
        <line num="145" count="0" type="stmt"/>
        <line num="147" count="0" type="cond" truecount="0" falsecount="2"/>
        <line num="148" count="0" type="cond" truecount="0" falsecount="4"/>
        <line num="155" count="0" type="stmt"/>
        <line num="165" count="5" type="stmt"/>
        <line num="166" count="0" type="stmt"/>
        <line num="169" count="5" type="stmt"/>
        <line num="170" count="0" type="stmt"/>
        <line num="173" count="5" type="stmt"/>
        <line num="174" count="0" type="cond" truecount="0" falsecount="4"/>
        <line num="192" count="5" type="stmt"/>
        <line num="195" count="0" type="cond" truecount="0" falsecount="4"/>
        <line num="196" count="0" type="stmt"/>
        <line num="197" count="0" type="stmt"/>
        <line num="200" count="0" type="cond" truecount="0" falsecount="1"/>
        <line num="202" count="0" type="cond" truecount="0" falsecount="1"/>
        <line num="203" count="0" type="stmt"/>
        <line num="204" count="0" type="stmt"/>
        <line num="210" count="5" type="stmt"/>
        <line num="211" count="19" type="cond" truecount="4" falsecount="0"/>
        <line num="213" count="36" type="cond" truecount="5" falsecount="0"/>
        <line num="214" count="2" type="stmt"/>
        <line num="215" count="2" type="cond" truecount="0" falsecount="1"/>
        <line num="216" count="3" type="cond" truecount="3" falsecount="1"/>
        <line num="217" count="1" type="stmt"/>
        <line num="220" count="0" type="cond" truecount="0" falsecount="5"/>
        <line num="221" count="0" type="stmt"/>
        <line num="226" count="18" type="cond" truecount="0" falsecount="1"/>
        <line num="227" count="36" type="stmt"/>
        <line num="233" count="5" type="stmt"/>
        <line num="234" count="0" type="stmt"/>
        <line num="236" count="0" type="stmt"/>
        <line num="260" count="5" type="stmt"/>
        <line num="261" count="6" type="stmt"/>
        <line num="264" count="16" type="cond" truecount="2" falsecount="0"/>
        <line num="294" count="5" type="stmt"/>
        <line num="295" count="14" type="cond" truecount="3" falsecount="0"/>
        <line num="298" count="5" type="stmt"/>
      </file>
    </package>
    <package name="src.Condition">
      <metrics statements="30" coveredstatements="6" conditionals="11" coveredconditionals="0" methods="6" coveredmethods="1"/>
      <file name="index.ts" path="/Users/the-kid/work/contract-work/HiveCommandClient/packages/core/command-state-machine/src/Condition/index.ts">
        <metrics statements="30" coveredstatements="6" conditionals="11" coveredconditionals="0" methods="6" coveredmethods="1"/>
        <line num="3" count="5" type="stmt"/>
        <line num="7" count="0" type="stmt"/>
        <line num="10" count="5" type="stmt"/>
        <line num="11" count="0" type="stmt"/>
        <line num="14" count="5" type="stmt"/>
        <line num="15" count="0" type="stmt"/>
        <line num="18" count="5" type="stmt"/>
        <line num="19" count="0" type="stmt"/>
        <line num="22" count="5" type="stmt"/>
        <line num="24" count="0" type="stmt"/>
        <line num="25" count="0" type="stmt"/>
        <line num="26" count="0" type="cond" truecount="0" falsecount="2"/>
        <line num="27" count="0" type="stmt"/>
        <line num="29" count="0" type="stmt"/>
        <line num="33" count="0" type="stmt"/>
        <line num="36" count="0" type="stmt"/>
        <line num="37" count="0" type="stmt"/>
        <line num="38" count="0" type="cond" truecount="0" falsecount="2"/>
        <line num="39" count="0" type="stmt"/>
        <line num="41" count="0" type="stmt"/>
        <line num="45" count="0" type="stmt"/>
        <line num="51" count="0" type="cond" truecount="0" falsecount="7"/>
        <line num="53" count="0" type="stmt"/>
        <line num="55" count="0" type="stmt"/>
        <line num="57" count="0" type="stmt"/>
        <line num="59" count="0" type="stmt"/>
        <line num="61" count="0" type="stmt"/>
        <line num="63" count="0" type="stmt"/>
        <line num="65" count="0" type="stmt"/>
        <line num="68" count="5" type="stmt"/>
      </file>
    </package>
    <package name="src.Device">
      <metrics statements="50" coveredstatements="25" conditionals="43" coveredconditionals="2" methods="18" coveredmethods="7"/>
      <file name="index.ts" path="/Users/the-kid/work/contract-work/HiveCommandClient/packages/core/command-state-machine/src/Device/index.ts">
        <metrics statements="50" coveredstatements="25" conditionals="43" coveredconditionals="2" methods="18" coveredmethods="7"/>
        <line num="1" count="5" type="stmt"/>
        <line num="2" count="5" type="stmt"/>
        <line num="6" count="5" type="stmt"/>
        <line num="13" count="1" type="stmt"/>
        <line num="16" count="1" type="stmt"/>
        <line num="18" count="1" type="cond" truecount="1" falsecount="0"/>
        <line num="19" count="1" type="stmt"/>
        <line num="23" count="5" type="stmt"/>
        <line num="24" count="4" type="stmt"/>
        <line num="27" count="5" type="stmt"/>
        <line num="28" count="0" type="stmt"/>
        <line num="31" count="5" type="stmt"/>
        <line num="32" count="0" type="stmt"/>
        <line num="35" count="5" type="stmt"/>
        <line num="36" count="2" type="stmt"/>
        <line num="39" count="5" type="stmt"/>
        <line num="40" count="0" type="stmt"/>
        <line num="43" count="5" type="stmt"/>
        <line num="44" count="0" type="stmt"/>
        <line num="45" count="0" type="cond" truecount="0" falsecount="4"/>
        <line num="48" count="0" type="stmt"/>
        <line num="50" count="0" type="cond" truecount="0" falsecount="1"/>
        <line num="53" count="0" type="stmt"/>
        <line num="54" count="0" type="cond" truecount="0" falsecount="9"/>
        <line num="55" count="0" type="stmt"/>
        <line num="56" count="0" type="stmt"/>
        <line num="59" count="0" type="stmt"/>
        <line num="62" count="5" type="stmt"/>
        <line num="63" count="0" type="stmt"/>
        <line num="65" count="0" type="cond" truecount="0" falsecount="8"/>
        <line num="67" count="0" type="stmt"/>
        <line num="70" count="5" type="stmt"/>
        <line num="71" count="0" type="cond" truecount="0" falsecount="4"/>
        <line num="74" count="5" type="stmt"/>
        <line num="75" count="0" type="cond" truecount="0" falsecount="6"/>
        <line num="77" count="0" type="stmt"/>
        <line num="78" count="0" type="stmt"/>
        <line num="82" count="0" type="stmt"/>
        <line num="86" count="0" type="stmt"/>
        <line num="89" count="5" type="stmt"/>
        <line num="90" count="3" type="cond" truecount="1" falsecount="0"/>
        <line num="91" count="2" type="stmt"/>
        <line num="93" count="1" type="stmt"/>
        <line num="98" count="5" type="stmt"/>
        <line num="99" count="0" type="cond" truecount="0" falsecount="1"/>
        <line num="101" count="0" type="cond" truecount="0" falsecount="4"/>
        <line num="102" count="0" type="stmt"/>
        <line num="110" count="5" type="stmt"/>
        <line num="112" count="0" type="cond" truecount="0" falsecount="4"/>
        <line num="115" count="5" type="stmt"/>
      </file>
    </package>
    <package name="src.State">
      <metrics statements="11" coveredstatements="9" conditionals="16" coveredconditionals="6" methods="5" coveredmethods="4"/>
      <file name="index.ts" path="/Users/the-kid/work/contract-work/HiveCommandClient/packages/core/command-state-machine/src/State/index.ts">
        <metrics statements="11" coveredstatements="9" conditionals="16" coveredconditionals="6" methods="5" coveredmethods="4"/>
        <line num="1" count="5" type="stmt"/>
        <line num="10" count="8" type="cond" truecount="2" falsecount="0"/>
        <line num="13" count="5" type="stmt"/>
        <line num="14" count="4" type="cond" truecount="3" falsecount="1"/>
        <line num="17" count="5" type="stmt"/>
        <line num="19" count="0" type="cond" truecount="0" falsecount="8"/>
        <line num="22" count="5" type="stmt"/>
        <line num="23" count="1" type="cond" truecount="1" falsecount="1"/>
        <line num="24" count="1" type="stmt"/>
        <line num="29" count="0" type="stmt"/>
        <line num="32" count="5" type="stmt"/>
      </file>
    </package>
    <package name="src.base-plugins">
      <metrics statements="4" coveredstatements="4" conditionals="0" coveredconditionals="0" methods="4" coveredmethods="4"/>
      <file name="index.ts" path="/Users/the-kid/work/contract-work/HiveCommandClient/packages/core/command-state-machine/src/base-plugins/index.ts">
        <metrics statements="4" coveredstatements="4" conditionals="0" coveredconditionals="0" methods="4" coveredmethods="4"/>
        <line num="1" count="10" type="stmt"/>
        <line num="2" count="10" type="stmt"/>
        <line num="3" count="10" type="stmt"/>
        <line num="4" count="10" type="stmt"/>
      </file>
    </package>
    <package name="src.base-plugins.action">
      <metrics statements="7" coveredstatements="7" conditionals="18" coveredconditionals="17" methods="4" coveredmethods="4"/>
      <file name="index.ts" path="/Users/the-kid/work/contract-work/HiveCommandClient/packages/core/command-state-machine/src/base-plugins/action/index.ts">
        <metrics statements="7" coveredstatements="7" conditionals="18" coveredconditionals="17" methods="4" coveredmethods="4"/>
        <line num="3" count="5" type="stmt"/>
        <line num="5" count="24" type="stmt"/>
        <line num="8" count="24" type="cond" truecount="4" falsecount="0"/>
        <line num="10" count="24" type="cond" truecount="6" falsecount="0"/>
        <line num="12" count="24" type="stmt"/>
        <line num="13" count="19" type="cond" truecount="7" falsecount="1"/>
        <line num="17" count="24" type="stmt"/>
      </file>
    </package>
    <package name="src.base-plugins.sub-process">
      <metrics statements="9" coveredstatements="9" conditionals="9" coveredconditionals="6" methods="3" coveredmethods="3"/>
      <file name="index.ts" path="/Users/the-kid/work/contract-work/HiveCommandClient/packages/core/command-state-machine/src/base-plugins/sub-process/index.ts">
        <metrics statements="9" coveredstatements="9" conditionals="9" coveredconditionals="6" methods="3" coveredmethods="3"/>
        <line num="1" count="5" type="stmt"/>
        <line num="4" count="5" type="stmt"/>
        <line num="7" count="4" type="stmt"/>
        <line num="10" count="6" type="cond" truecount="6" falsecount="2"/>
        <line num="11" count="4" type="cond" truecount="0" falsecount="1"/>
        <line num="13" count="4" type="stmt"/>
        <line num="14" count="4" type="stmt"/>
        <line num="16" count="7" type="stmt"/>
        <line num="17" count="3" type="stmt"/>
      </file>
    </package>
    <package name="src.base-plugins.timer">
      <metrics statements="25" coveredstatements="22" conditionals="5" coveredconditionals="0" methods="8" coveredmethods="7"/>
      <file name="Timer.ts" path="/Users/the-kid/work/contract-work/HiveCommandClient/packages/core/command-state-machine/src/base-plugins/timer/Timer.ts">
        <metrics statements="15" coveredstatements="12" conditionals="5" coveredconditionals="0" methods="6" coveredmethods="5"/>
        <line num="2" count="5" type="stmt"/>
        <line num="4" count="3" type="stmt"/>
        <line num="6" count="3" type="stmt"/>
        <line num="13" count="3" type="stmt"/>
        <line num="16" count="5" type="stmt"/>
        <line num="17" count="0" type="cond" truecount="0" falsecount="1"/>
        <line num="18" count="0" type="stmt"/>
        <line num="19" count="0" type="cond" truecount="0" falsecount="4"/>
        <line num="23" count="5" type="stmt"/>
        <line num="24" count="3" type="stmt"/>
        <line num="25" count="3" type="stmt"/>
        <line num="27" count="3" type="stmt"/>
        <line num="28" count="3" type="stmt"/>
        <line num="29" count="3" type="stmt"/>
        <line num="33" count="5" type="stmt"/>
      </file>
      <file name="index.ts" path="/Users/the-kid/work/contract-work/HiveCommandClient/packages/core/command-state-machine/src/base-plugins/timer/index.ts">
        <metrics statements="10" coveredstatements="10" conditionals="0" coveredconditionals="0" methods="2" coveredmethods="2"/>
        <line num="1" count="5" type="stmt"/>
        <line num="2" count="5" type="stmt"/>
        <line num="4" count="5" type="stmt"/>
        <line num="6" count="3" type="stmt"/>
        <line num="8" count="3" type="stmt"/>
        <line num="13" count="3" type="stmt"/>
        <line num="15" count="3" type="stmt"/>
        <line num="17" count="3" type="stmt"/>
        <line num="19" count="3" type="stmt"/>
        <line num="22" count="3" type="stmt"/>
      </file>
    </package>
    <package name="src.base-plugins.trigger">
      <metrics statements="3" coveredstatements="3" conditionals="0" coveredconditionals="0" methods="2" coveredmethods="2"/>
      <file name="index.ts" path="/Users/the-kid/work/contract-work/HiveCommandClient/packages/core/command-state-machine/src/base-plugins/trigger/index.ts">
        <metrics statements="3" coveredstatements="3" conditionals="0" coveredconditionals="0" methods="2" coveredmethods="2"/>
        <line num="3" count="5" type="stmt"/>
        <line num="5" count="12" type="stmt"/>
        <line num="10" count="12" type="stmt"/>
      </file>
    </package>
    <package name="src.types">
      <metrics statements="3" coveredstatements="3" conditionals="0" coveredconditionals="0" methods="0" coveredmethods="0"/>
      <file name="index.ts" path="/Users/the-kid/work/contract-work/HiveCommandClient/packages/core/command-state-machine/src/types/index.ts">
        <metrics statements="3" coveredstatements="3" conditionals="0" coveredconditionals="0" methods="0" coveredmethods="0"/>
        <line num="1" count="5" type="stmt"/>
        <line num="2" count="5" type="stmt"/>
        <line num="3" count="5" type="stmt"/>
      </file>
    </package>
  </project>
</coverage>
