{"/Users/the-kid/work/contract-work/HiveCommandClient/packages/core/command-state-machine/src/index.ts": {"path":"/Users/the-kid/work/contract-work/HiveCommandClient/packages/core/command-state-machine/src/index.ts","statementMap":{"0":{"start":{"line":2,"column":0},"end":{"line":2,"column":37}},"1":{"start":{"line":3,"column":0},"end":{"line":3,"column":32}},"2":{"start":{"line":6,"column":0},"end":{"line":6,"column":39}},"3":{"start":{"line":7,"column":0},"end":{"line":7,"column":47}},"4":{"start":{"line":8,"column":0},"end":{"line":8,"column":23}},"5":{"start":{"line":14,"column":0},"end":{"line":14,"column":null}},"6":{"start":{"line":15,"column":1},"end":{"line":15,"column":null}},"7":{"start":{"line":16,"column":1},"end":{"line":16,"column":null}},"8":{"start":{"line":17,"column":1},"end":{"line":17,"column":null}},"9":{"start":{"line":18,"column":1},"end":{"line":18,"column":null}},"10":{"start":{"line":21,"column":0},"end":{"line":21,"column":41}},"11":{"start":{"line":23,"column":21},"end":{"line":40,"column":null}},"12":{"start":{"line":42,"column":0},"end":{"line":42,"column":null}},"13":{"start":{"line":42,"column":41},"end":{"line":42,"column":53}},"14":{"start":{"line":76,"column":2},"end":{"line":76,"column":null}},"15":{"start":{"line":46,"column":8},"end":{"line":46,"column":73}},"16":{"start":{"line":48,"column":9},"end":{"line":48,"column":34}},"17":{"start":{"line":50,"column":9},"end":{"line":50,"column":36}},"18":{"start":{"line":52,"column":9},"end":{"line":52,"column":33}},"19":{"start":{"line":54,"column":9},"end":{"line":54,"column":39}},"20":{"start":{"line":56,"column":9},"end":{"line":60,"column":null}},"21":{"start":{"line":62,"column":11},"end":{"line":64,"column":6}},"22":{"start":{"line":68,"column":9},"end":{"line":68,"column":33}},"23":{"start":{"line":78,"column":2},"end":{"line":78,"column":null}},"24":{"start":{"line":79,"column":2},"end":{"line":79,"column":59}},"25":{"start":{"line":80,"column":2},"end":{"line":80,"column":43}},"26":{"start":{"line":82,"column":2},"end":{"line":82,"column":43}},"27":{"start":{"line":84,"column":2},"end":{"line":84,"column":25}},"28":{"start":{"line":86,"column":2},"end":{"line":86,"column":65}},"29":{"start":{"line":86,"column":45},"end":{"line":86,"column":64}},"30":{"start":{"line":88,"column":2},"end":{"line":88,"column":47}},"31":{"start":{"line":90,"column":2},"end":{"line":90,"column":23}},"32":{"start":{"line":92,"column":2},"end":{"line":92,"column":null}},"33":{"start":{"line":94,"column":2},"end":{"line":94,"column":null}},"34":{"start":{"line":94,"column":48},"end":{"line":94,"column":122}},"35":{"start":{"line":103,"column":1},"end":{"line":105,"column":null}},"36":{"start":{"line":104,"column":2},"end":{"line":104,"column":null}},"37":{"start":{"line":107,"column":1},"end":{"line":109,"column":null}},"38":{"start":{"line":108,"column":2},"end":{"line":108,"column":null}},"39":{"start":{"line":120,"column":1},"end":{"line":122,"column":null}},"40":{"start":{"line":121,"column":2},"end":{"line":121,"column":null}},"41":{"start":{"line":121,"column":35},"end":{"line":121,"column":56}},"42":{"start":{"line":124,"column":1},"end":{"line":130,"column":null}},"43":{"start":{"line":125,"column":11},"end":{"line":125,"column":63}},"44":{"start":{"line":125,"column":36},"end":{"line":125,"column":44}},"45":{"start":{"line":126,"column":2},"end":{"line":128,"column":null}},"46":{"start":{"line":127,"column":3},"end":{"line":127,"column":null}},"47":{"start":{"line":132,"column":7},"end":{"line":163,"column":null}},"48":{"start":{"line":134,"column":2},"end":{"line":134,"column":null}},"49":{"start":{"line":135,"column":6},"end":{"line":135,"column":null}},"50":{"start":{"line":135,"column":57},"end":{"line":135,"column":120}},"51":{"start":{"line":135,"column":96},"end":{"line":135,"column":116}},"52":{"start":{"line":135,"column":145},"end":{"line":135,"column":163}},"53":{"start":{"line":136,"column":6},"end":{"line":136,"column":null}},"54":{"start":{"line":136,"column":42},"end":{"line":136,"column":60}},"55":{"start":{"line":138,"column":2},"end":{"line":138,"column":null}},"56":{"start":{"line":138,"column":15},"end":{"line":138,"column":null}},"57":{"start":{"line":141,"column":2},"end":{"line":141,"column":null}},"58":{"start":{"line":142,"column":2},"end":{"line":158,"column":null}},"59":{"start":{"line":144,"column":3},"end":{"line":144,"column":null}},"60":{"start":{"line":145,"column":3},"end":{"line":145,"column":null}},"61":{"start":{"line":147,"column":3},"end":{"line":151,"column":null}},"62":{"start":{"line":148,"column":4},"end":{"line":148,"column":null}},"63":{"start":{"line":148,"column":31},"end":{"line":148,"column":66}},"64":{"start":{"line":155,"column":7},"end":{"line":155,"column":null}},"65":{"start":{"line":165,"column":1},"end":{"line":167,"column":null}},"66":{"start":{"line":166,"column":2},"end":{"line":166,"column":19}},"67":{"start":{"line":169,"column":1},"end":{"line":171,"column":null}},"68":{"start":{"line":170,"column":2},"end":{"line":170,"column":null}},"69":{"start":{"line":173,"column":1},"end":{"line":175,"column":null}},"70":{"start":{"line":174,"column":8},"end":{"line":174,"column":null}},"71":{"start":{"line":192,"column":7},"end":{"line":208,"column":null}},"72":{"start":{"line":195,"column":2},"end":{"line":207,"column":null}},"73":{"start":{"line":195,"column":36},"end":{"line":195,"column":52}},"74":{"start":{"line":196,"column":3},"end":{"line":196,"column":null}},"75":{"start":{"line":197,"column":22},"end":{"line":207,"column":4}},"76":{"start":{"line":200,"column":24},"end":{"line":200,"column":null}},"77":{"start":{"line":200,"column":7},"end":{"line":200,"column":24}},"78":{"start":{"line":202,"column":6},"end":{"line":202,"column":12}},"79":{"start":{"line":203,"column":4},"end":{"line":203,"column":36}},"80":{"start":{"line":204,"column":4},"end":{"line":204,"column":null}},"81":{"start":{"line":210,"column":7},"end":{"line":231,"column":null}},"82":{"start":{"line":211,"column":6},"end":{"line":211,"column":null}},"83":{"start":{"line":211,"column":42},"end":{"line":211,"column":63}},"84":{"start":{"line":213,"column":5},"end":{"line":213,"column":11}},"85":{"start":{"line":214,"column":3},"end":{"line":214,"column":null}},"86":{"start":{"line":215,"column":6},"end":{"line":215,"column":7}},"87":{"start":{"line":216,"column":4},"end":{"line":216,"column":null}},"88":{"start":{"line":217,"column":4},"end":{"line":217,"column":null}},"89":{"start":{"line":220,"column":4},"end":{"line":220,"column":null}},"90":{"start":{"line":221,"column":4},"end":{"line":221,"column":null}},"91":{"start":{"line":226,"column":5},"end":{"line":226,"column":14}},"92":{"start":{"line":227,"column":3},"end":{"line":227,"column":null}},"93":{"start":{"line":233,"column":7},"end":{"line":258,"column":null}},"94":{"start":{"line":234,"column":2},"end":{"line":234,"column":null}},"95":{"start":{"line":236,"column":2},"end":{"line":236,"column":null}},"96":{"start":{"line":260,"column":7},"end":{"line":292,"column":null}},"97":{"start":{"line":261,"column":2},"end":{"line":261,"column":null}},"98":{"start":{"line":264,"column":2},"end":{"line":264,"column":null}},"99":{"start":{"line":264,"column":47},"end":{"line":264,"column":68}},"100":{"start":{"line":264,"column":52},"end":{"line":264,"column":68}},"101":{"start":{"line":294,"column":7},"end":{"line":297,"column":null}},"102":{"start":{"line":295,"column":2},"end":{"line":295,"column":null}},"103":{"start":{"line":295,"column":47},"end":{"line":295,"column":67}},"104":{"start":{"line":295,"column":52},"end":{"line":295,"column":67}},"105":{"start":{"line":298,"column":0},"end":{"line":298,"column":null}},"106":{"start":{"line":42,"column":13},"end":{"line":42,"column":32}}},"fnMap":{"0":{"name":"(anonymous_29)","decl":{"start":{"line":14,"column":0},"end":{"line":14,"column":12}},"loc":{"start":{"line":14,"column":35},"end":{"line":19,"column":1}}},"1":{"name":"(anonymous_30)","decl":{"start":{"line":42,"column":0},"end":{"line":42,"column":13}},"loc":{"start":{"line":42,"column":0},"end":{"line":298,"column":null}}},"2":{"name":"CommandStateMachine","decl":{"start":{"line":70,"column":1},"end":{"line":70,"column":13}},"loc":{"start":{"line":75,"column":25},"end":{"line":101,"column":2}}},"3":{"name":"(anonymous_32)","decl":{"start":{"line":86,"column":38},"end":{"line":86,"column":39}},"loc":{"start":{"line":86,"column":40},"end":{"line":86,"column":49}}},"4":{"name":"(anonymous_33)","decl":{"start":{"line":94,"column":41},"end":{"line":94,"column":42}},"loc":{"start":{"line":94,"column":43},"end":{"line":94,"column":52}}},"5":{"name":"(anonymous_34)","decl":{"start":{"line":103,"column":1},"end":{"line":103,"column":9}},"loc":{"start":{"line":103,"column":21},"end":{"line":105,"column":2}}},"6":{"name":"(anonymous_35)","decl":{"start":{"line":107,"column":1},"end":{"line":107,"column":20}},"loc":{"start":{"line":107,"column":62},"end":{"line":109,"column":2}}},"7":{"name":"(anonymous_36)","decl":{"start":{"line":120,"column":1},"end":{"line":120,"column":17}},"loc":{"start":{"line":120,"column":36},"end":{"line":122,"column":2}}},"8":{"name":"(anonymous_37)","decl":{"start":{"line":121,"column":28},"end":{"line":121,"column":29}},"loc":{"start":{"line":121,"column":30},"end":{"line":121,"column":36}}},"9":{"name":"(anonymous_38)","decl":{"start":{"line":124,"column":1},"end":{"line":124,"column":20}},"loc":{"start":{"line":124,"column":57},"end":{"line":130,"column":2}}},"10":{"name":"(anonymous_39)","decl":{"start":{"line":125,"column":29},"end":{"line":125,"column":30}},"loc":{"start":{"line":125,"column":31},"end":{"line":125,"column":37}}},"11":{"name":"(anonymous_40)","decl":{"start":{"line":132,"column":1},"end":{"line":132,"column":7}},"loc":{"start":{"line":132,"column":35},"end":{"line":163,"column":null}}},"12":{"name":"(anonymous_43)","decl":{"start":{"line":135,"column":50},"end":{"line":135,"column":51}},"loc":{"start":{"line":135,"column":52},"end":{"line":135,"column":61}}},"13":{"name":"(anonymous_44)","decl":{"start":{"line":135,"column":89},"end":{"line":135,"column":90}},"loc":{"start":{"line":135,"column":91},"end":{"line":135,"column":101}}},"14":{"name":"(anonymous_45)","decl":{"start":{"line":135,"column":129},"end":{"line":135,"column":130}},"loc":{"start":{"line":135,"column":140},"end":{"line":135,"column":149}}},"15":{"name":"(anonymous_46)","decl":{"start":{"line":136,"column":35},"end":{"line":136,"column":36}},"loc":{"start":{"line":136,"column":37},"end":{"line":136,"column":43}}},"16":{"name":"(anonymous_47)","decl":{"start":{"line":148,"column":24},"end":{"line":148,"column":25}},"loc":{"start":{"line":148,"column":26},"end":{"line":148,"column":32}}},"17":{"name":"(anonymous_48)","decl":{"start":{"line":165,"column":1},"end":{"line":165,"column":11}},"loc":{"start":{"line":165,"column":41},"end":{"line":167,"column":2}}},"18":{"name":"(anonymous_49)","decl":{"start":{"line":169,"column":1},"end":{"line":169,"column":5}},"loc":{"start":{"line":169,"column":1},"end":{"line":171,"column":2}}},"19":{"name":"(anonymous_50)","decl":{"start":{"line":173,"column":1},"end":{"line":173,"column":12}},"loc":{"start":{"line":173,"column":69},"end":{"line":175,"column":5}}},"20":{"name":"(anonymous_51)","decl":{"start":{"line":192,"column":1},"end":{"line":192,"column":7}},"loc":{"start":{"line":192,"column":1},"end":{"line":208,"column":null}}},"21":{"name":"(anonymous_54)","decl":{"start":{"line":195,"column":29},"end":{"line":195,"column":30}},"loc":{"start":{"line":195,"column":31},"end":{"line":195,"column":37}}},"22":{"name":"(anonymous_55)","decl":{"start":{"line":195,"column":59},"end":{"line":195,"column":60}},"loc":{"start":{"line":195,"column":66},"end":{"line":197,"column":3}}},"23":{"name":"(anonymous_56)","decl":{"start":{"line":197,"column":9},"end":{"line":197,"column":16}},"loc":{"start":{"line":197,"column":22},"end":{"line":207,"column":4}}},"24":{"name":"(anonymous_57)","decl":{"start":{"line":197,"column":22},"end":{"line":197,"column":null}},"loc":{"start":{"line":197,"column":22},"end":{"line":207,"column":4}}},"25":{"name":"(anonymous_59)","decl":{"start":{"line":210,"column":1},"end":{"line":210,"column":7}},"loc":{"start":{"line":210,"column":81},"end":{"line":231,"column":null}}},"26":{"name":"(anonymous_62)","decl":{"start":{"line":211,"column":35},"end":{"line":211,"column":36}},"loc":{"start":{"line":211,"column":37},"end":{"line":211,"column":43}}},"27":{"name":"(anonymous_63)","decl":{"start":{"line":233,"column":1},"end":{"line":233,"column":7}},"loc":{"start":{"line":233,"column":1},"end":{"line":258,"column":null}}},"28":{"name":"(anonymous_66)","decl":{"start":{"line":260,"column":1},"end":{"line":260,"column":7}},"loc":{"start":{"line":260,"column":43},"end":{"line":292,"column":null}}},"29":{"name":"(anonymous_69)","decl":{"start":{"line":264,"column":39},"end":{"line":264,"column":46}},"loc":{"start":{"line":264,"column":47},"end":{"line":264,"column":68}}},"30":{"name":"(anonymous_70)","decl":{"start":{"line":264,"column":47},"end":{"line":264,"column":52}},"loc":{"start":{"line":264,"column":47},"end":{"line":264,"column":68}}},"31":{"name":"(anonymous_72)","decl":{"start":{"line":294,"column":1},"end":{"line":294,"column":7}},"loc":{"start":{"line":294,"column":1},"end":{"line":297,"column":null}}},"32":{"name":"(anonymous_75)","decl":{"start":{"line":295,"column":39},"end":{"line":295,"column":46}},"loc":{"start":{"line":295,"column":47},"end":{"line":295,"column":67}}},"33":{"name":"(anonymous_76)","decl":{"start":{"line":295,"column":47},"end":{"line":295,"column":52}},"loc":{"start":{"line":295,"column":47},"end":{"line":295,"column":67}}}},"branchMap":{"0":{"loc":{"start":{"line":14,"column":12},"end":{"line":14,"column":null}},"type":"binary-expr","locations":[{"start":{"line":14,"column":12},"end":{"line":14,"column":35}},{"start":{"line":14,"column":12},"end":{"line":14,"column":null}}]},"1":{"loc":{"start":{"line":76,"column":2},"end":{"line":76,"column":null}},"type":"binary-expr","locations":[{"start":{"line":76,"column":2},"end":{"line":76,"column":9}},{"start":{"line":76,"column":9},"end":{"line":76,"column":null}}]},"2":{"loc":{"start":{"line":82,"column":18},"end":{"line":82,"column":42}},"type":"binary-expr","locations":[{"start":{"line":82,"column":18},"end":{"line":82,"column":34}},{"start":{"line":82,"column":38},"end":{"line":82,"column":42}}]},"3":{"loc":{"start":{"line":86,"column":17},"end":{"line":86,"column":64}},"type":"cond-expr","locations":[{"start":{"line":86,"column":32},"end":{"line":86,"column":34}},{"start":{"line":86,"column":32},"end":{"line":86,"column":64}}]},"4":{"loc":{"start":{"line":86,"column":17},"end":{"line":86,"column":34}},"type":"binary-expr","locations":[{"start":{"line":86,"column":17},"end":{"line":86,"column":34}},{"start":{"line":86,"column":32},"end":{"line":86,"column":34}}]},"5":{"loc":{"start":{"line":121,"column":9},"end":{"line":121,"column":70}},"type":"cond-expr","locations":[{"start":{"line":121,"column":56},"end":{"line":121,"column":58}},{"start":{"line":121,"column":56},"end":{"line":121,"column":70}}]},"6":{"loc":{"start":{"line":121,"column":9},"end":{"line":121,"column":58}},"type":"binary-expr","locations":[{"start":{"line":121,"column":9},"end":{"line":121,"column":58}},{"start":{"line":121,"column":56},"end":{"line":121,"column":58}}]},"7":{"loc":{"start":{"line":121,"column":9},"end":{"line":121,"column":56}},"type":"cond-expr","locations":[{"start":{"line":121,"column":21},"end":{"line":121,"column":23}},{"start":{"line":121,"column":21},"end":{"line":121,"column":56}}]},"8":{"loc":{"start":{"line":121,"column":9},"end":{"line":121,"column":23}},"type":"binary-expr","locations":[{"start":{"line":121,"column":9},"end":{"line":121,"column":23}},{"start":{"line":121,"column":21},"end":{"line":121,"column":23}}]},"9":{"loc":{"start":{"line":125,"column":11},"end":{"line":125,"column":63}},"type":"cond-expr","locations":[{"start":{"line":125,"column":23},"end":{"line":125,"column":25}},{"start":{"line":125,"column":23},"end":{"line":125,"column":63}}]},"10":{"loc":{"start":{"line":125,"column":11},"end":{"line":125,"column":25}},"type":"binary-expr","locations":[{"start":{"line":125,"column":11},"end":{"line":125,"column":25}},{"start":{"line":125,"column":23},"end":{"line":125,"column":25}}]},"11":{"loc":{"start":{"line":126,"column":2},"end":{"line":128,"column":null}},"type":"if","locations":[{"start":{"line":126,"column":2},"end":{"line":128,"column":null}}]},"12":{"loc":{"start":{"line":126,"column":5},"end":{"line":126,"column":31}},"type":"binary-expr","locations":[{"start":{"line":126,"column":5},"end":{"line":126,"column":20}},{"start":{"line":126,"column":24},"end":{"line":126,"column":31}}]},"13":{"loc":{"start":{"line":127,"column":3},"end":{"line":127,"column":47}},"type":"cond-expr","locations":[{"start":{"line":127,"column":15},"end":{"line":127,"column":18}},{"start":{"line":127,"column":15},"end":{"line":127,"column":47}}]},"14":{"loc":{"start":{"line":127,"column":3},"end":{"line":127,"column":18}},"type":"binary-expr","locations":[{"start":{"line":127,"column":3},"end":{"line":127,"column":18}},{"start":{"line":127,"column":15},"end":{"line":127,"column":18}}]},"15":{"loc":{"start":{"line":135,"column":21},"end":{"line":135,"column":168}},"type":"cond-expr","locations":[{"start":{"line":135,"column":44},"end":{"line":135,"column":46}},{"start":{"line":135,"column":44},"end":{"line":135,"column":168}}]},"16":{"loc":{"start":{"line":135,"column":21},"end":{"line":135,"column":46}},"type":"binary-expr","locations":[{"start":{"line":135,"column":21},"end":{"line":135,"column":46}},{"start":{"line":135,"column":44},"end":{"line":135,"column":46}}]},"17":{"loc":{"start":{"line":135,"column":21},"end":{"line":135,"column":44}},"type":"cond-expr","locations":[{"start":{"line":135,"column":33},"end":{"line":135,"column":35}},{"start":{"line":135,"column":33},"end":{"line":135,"column":44}}]},"18":{"loc":{"start":{"line":135,"column":21},"end":{"line":135,"column":35}},"type":"binary-expr","locations":[{"start":{"line":135,"column":21},"end":{"line":135,"column":35}},{"start":{"line":135,"column":33},"end":{"line":135,"column":35}}]},"19":{"loc":{"start":{"line":135,"column":62},"end":{"line":135,"column":83}},"type":"binary-expr","locations":[{"start":{"line":135,"column":62},"end":{"line":135,"column":77}},{"start":{"line":135,"column":81},"end":{"line":135,"column":83}}]},"20":{"loc":{"start":{"line":136,"column":16},"end":{"line":136,"column":60}},"type":"cond-expr","locations":[{"start":{"line":136,"column":28},"end":{"line":136,"column":30}},{"start":{"line":136,"column":16},"end":{"line":136,"column":60}}]},"21":{"loc":{"start":{"line":136,"column":16},"end":{"line":136,"column":30}},"type":"binary-expr","locations":[{"start":{"line":136,"column":16},"end":{"line":136,"column":30}},{"start":{"line":136,"column":16},"end":{"line":136,"column":30}}]},"22":{"loc":{"start":{"line":138,"column":2},"end":{"line":138,"column":null}},"type":"if","locations":[{"start":{"line":138,"column":2},"end":{"line":138,"column":null}}]},"23":{"loc":{"start":{"line":142,"column":2},"end":{"line":158,"column":null}},"type":"if","locations":[{"start":{"line":142,"column":2},"end":{"line":158,"column":null}},{"start":{"line":152,"column":7},"end":{"line":158,"column":null}}]},"24":{"loc":{"start":{"line":147,"column":3},"end":{"line":151,"column":null}},"type":"if","locations":[{"start":{"line":147,"column":3},"end":{"line":151,"column":null}},{"start":{"line":149,"column":8},"end":{"line":151,"column":null}}]},"25":{"loc":{"start":{"line":148,"column":4},"end":{"line":148,"column":95}},"type":"cond-expr","locations":[{"start":{"line":148,"column":66},"end":{"line":148,"column":68}},{"start":{"line":148,"column":66},"end":{"line":148,"column":95}}]},"26":{"loc":{"start":{"line":148,"column":4},"end":{"line":148,"column":68}},"type":"binary-expr","locations":[{"start":{"line":148,"column":4},"end":{"line":148,"column":68}},{"start":{"line":148,"column":66},"end":{"line":148,"column":68}}]},"27":{"loc":{"start":{"line":174,"column":27},"end":{"line":174,"column":49}},"type":"binary-expr","locations":[{"start":{"line":174,"column":27},"end":{"line":174,"column":38}},{"start":{"line":174,"column":42},"end":{"line":174,"column":49}}]},"28":{"loc":{"start":{"line":174,"column":53},"end":{"line":174,"column":86}},"type":"cond-expr","locations":[{"start":{"line":174,"column":67},"end":{"line":174,"column":74}},{"start":{"line":174,"column":77},"end":{"line":174,"column":86}}]},"29":{"loc":{"start":{"line":195,"column":8},"end":{"line":207,"column":4}},"type":"cond-expr","locations":[{"start":{"line":195,"column":20},"end":{"line":195,"column":22}},{"start":{"line":195,"column":20},"end":{"line":207,"column":4}}]},"30":{"loc":{"start":{"line":195,"column":8},"end":{"line":195,"column":22}},"type":"binary-expr","locations":[{"start":{"line":195,"column":8},"end":{"line":195,"column":22}},{"start":{"line":195,"column":20},"end":{"line":195,"column":22}}]},"31":{"loc":{"start":{"line":200,"column":24},"end":{"line":200,"column":null}},"type":"switch","locations":[{"start":{"line":200,"column":24},"end":{"line":200,"column":null}}]},"32":{"loc":{"start":{"line":202,"column":6},"end":{"line":202,"column":12}},"type":"if","locations":[{"start":{"line":202,"column":6},"end":{"line":202,"column":12}}]},"33":{"loc":{"start":{"line":220,"column":4},"end":{"line":220,"column":null}},"type":"switch","locations":[{"start":{"line":220,"column":4},"end":{"line":220,"column":null}}]},"34":{"loc":{"start":{"line":211,"column":16},"end":{"line":211,"column":63}},"type":"cond-expr","locations":[{"start":{"line":211,"column":28},"end":{"line":211,"column":30}},{"start":{"line":211,"column":28},"end":{"line":211,"column":63}}]},"35":{"loc":{"start":{"line":211,"column":16},"end":{"line":211,"column":30}},"type":"binary-expr","locations":[{"start":{"line":211,"column":16},"end":{"line":211,"column":30}},{"start":{"line":211,"column":28},"end":{"line":211,"column":30}}]},"36":{"loc":{"start":{"line":213,"column":5},"end":{"line":213,"column":11}},"type":"if","locations":[{"start":{"line":213,"column":5},"end":{"line":213,"column":11}}]},"37":{"loc":{"start":{"line":213,"column":5},"end":{"line":213,"column":26}},"type":"cond-expr","locations":[{"start":{"line":213,"column":11},"end":{"line":213,"column":13}},{"start":{"line":213,"column":5},"end":{"line":213,"column":26}}]},"38":{"loc":{"start":{"line":213,"column":5},"end":{"line":213,"column":13}},"type":"binary-expr","locations":[{"start":{"line":213,"column":5},"end":{"line":213,"column":13}},{"start":{"line":213,"column":5},"end":{"line":213,"column":13}}]},"39":{"loc":{"start":{"line":215,"column":6},"end":{"line":215,"column":7}},"type":"if","locations":[{"start":{"line":215,"column":6},"end":{"line":215,"column":7}}]},"40":{"loc":{"start":{"line":216,"column":10},"end":{"line":216,"column":24}},"type":"cond-expr","locations":[{"start":{"line":216,"column":16},"end":{"line":216,"column":18}},{"start":{"line":216,"column":10},"end":{"line":216,"column":24}}]},"41":{"loc":{"start":{"line":216,"column":10},"end":{"line":216,"column":18}},"type":"binary-expr","locations":[{"start":{"line":216,"column":10},"end":{"line":216,"column":18}},{"start":{"line":216,"column":10},"end":{"line":216,"column":18}}]},"42":{"loc":{"start":{"line":220,"column":10},"end":{"line":220,"column":26}},"type":"cond-expr","locations":[{"start":{"line":220,"column":16},"end":{"line":220,"column":18}},{"start":{"line":220,"column":10},"end":{"line":220,"column":26}}]},"43":{"loc":{"start":{"line":220,"column":10},"end":{"line":220,"column":18}},"type":"binary-expr","locations":[{"start":{"line":220,"column":10},"end":{"line":220,"column":18}},{"start":{"line":220,"column":10},"end":{"line":220,"column":18}}]},"44":{"loc":{"start":{"line":226,"column":5},"end":{"line":226,"column":14}},"type":"if","locations":[{"start":{"line":226,"column":5},"end":{"line":226,"column":14}}]},"45":{"loc":{"start":{"line":264,"column":52},"end":{"line":264,"column":68}},"type":"switch","locations":[{"start":{"line":264,"column":52},"end":{"line":264,"column":68}},{"start":{"line":264,"column":52},"end":{"line":264,"column":68}}]},"46":{"loc":{"start":{"line":295,"column":2},"end":{"line":295,"column":null}},"type":"switch","locations":[{"start":{"line":295,"column":2},"end":{"line":295,"column":null}}]},"47":{"loc":{"start":{"line":295,"column":52},"end":{"line":295,"column":67}},"type":"switch","locations":[{"start":{"line":295,"column":52},"end":{"line":295,"column":67}},{"start":{"line":295,"column":52},"end":{"line":295,"column":67}}]}},"s":{"0":5,"1":5,"2":5,"3":5,"4":5,"5":5,"6":5,"7":5,"8":5,"9":5,"10":5,"11":5,"12":5,"13":5,"14":8,"15":8,"16":8,"17":8,"18":8,"19":8,"20":8,"21":8,"22":8,"23":8,"24":8,"25":8,"26":8,"27":8,"28":8,"29":1,"30":8,"31":8,"32":8,"33":8,"34":8,"35":5,"36":4,"37":5,"38":0,"39":5,"40":0,"41":0,"42":5,"43":0,"44":0,"45":0,"46":0,"47":5,"48":0,"49":0,"50":0,"51":0,"52":0,"53":0,"54":0,"55":0,"56":0,"57":0,"58":0,"59":0,"60":0,"61":0,"62":0,"63":0,"64":0,"65":5,"66":0,"67":5,"68":0,"69":5,"70":0,"71":5,"72":0,"73":0,"74":0,"75":0,"76":0,"77":0,"78":0,"79":0,"80":0,"81":5,"82":19,"83":4,"84":36,"85":2,"86":2,"87":3,"88":1,"89":0,"90":0,"91":18,"92":36,"93":5,"94":0,"95":0,"96":5,"97":6,"98":8,"99":16,"100":11,"101":5,"102":10,"103":14,"104":14,"105":5,"106":5},"f":{"0":5,"1":5,"2":8,"3":1,"4":8,"5":4,"6":0,"7":0,"8":0,"9":0,"10":0,"11":0,"12":0,"13":0,"14":0,"15":0,"16":0,"17":0,"18":0,"19":0,"20":0,"21":0,"22":0,"23":0,"24":0,"25":19,"26":4,"27":0,"28":6,"29":8,"30":19,"31":5,"32":7,"33":21},"b":{"0":[5,5],"1":[8,8],"2":[8,4],"3":[7,1],"4":[8,8],"5":[0,0],"6":[0,0],"7":[0,0],"8":[0,0],"9":[0,0],"10":[0,0],"11":[0],"12":[0,0],"13":[0,0],"14":[0,0],"15":[0,0],"16":[0,0],"17":[0,0],"18":[0,0],"19":[0,0],"20":[0,0],"21":[0,0],"22":[0],"23":[0,0],"24":[0,0],"25":[0,0],"26":[0,0],"27":[0,0],"28":[0,0],"29":[0,0],"30":[0,0],"31":[0],"32":[0],"33":[0],"34":[15,4],"35":[19,19],"36":[17],"37":[17,2],"38":[19,19],"39":[0],"40":[0,2],"41":[2,2],"42":[0,0],"43":[0,0],"44":[0],"45":[8,3],"46":[5],"47":[7,7]}}
,"/Users/the-kid/work/contract-work/HiveCommandClient/packages/core/command-state-machine/src/Condition/index.ts": {"path":"/Users/the-kid/work/contract-work/HiveCommandClient/packages/core/command-state-machine/src/Condition/index.ts","statementMap":{"0":{"start":{"line":3,"column":0},"end":{"line":3,"column":13}},"1":{"start":{"line":7,"column":8},"end":{"line":7,"column":null}},"2":{"start":{"line":10,"column":4},"end":{"line":12,"column":null}},"3":{"start":{"line":11,"column":8},"end":{"line":11,"column":null}},"4":{"start":{"line":14,"column":4},"end":{"line":16,"column":null}},"5":{"start":{"line":15,"column":8},"end":{"line":15,"column":null}},"6":{"start":{"line":18,"column":4},"end":{"line":20,"column":null}},"7":{"start":{"line":19,"column":8},"end":{"line":19,"column":null}},"8":{"start":{"line":22,"column":4},"end":{"line":67,"column":null}},"9":{"start":{"line":24,"column":8},"end":{"line":34,"column":null}},"10":{"start":{"line":25,"column":22},"end":{"line":25,"column":39}},"11":{"start":{"line":26,"column":12},"end":{"line":30,"column":null}},"12":{"start":{"line":27,"column":16},"end":{"line":27,"column":28}},"13":{"start":{"line":29,"column":16},"end":{"line":29,"column":null}},"14":{"start":{"line":33,"column":12},"end":{"line":33,"column":null}},"15":{"start":{"line":36,"column":8},"end":{"line":46,"column":null}},"16":{"start":{"line":37,"column":22},"end":{"line":37,"column":39}},"17":{"start":{"line":38,"column":12},"end":{"line":42,"column":null}},"18":{"start":{"line":39,"column":16},"end":{"line":39,"column":28}},"19":{"start":{"line":41,"column":16},"end":{"line":41,"column":null}},"20":{"start":{"line":45,"column":12},"end":{"line":45,"column":null}},"21":{"start":{"line":51,"column":8},"end":{"line":66,"column":null}},"22":{"start":{"line":53,"column":16},"end":{"line":53,"column":37}},"23":{"start":{"line":55,"column":16},"end":{"line":55,"column":38}},"24":{"start":{"line":57,"column":16},"end":{"line":57,"column":null}},"25":{"start":{"line":59,"column":16},"end":{"line":59,"column":38}},"26":{"start":{"line":61,"column":16},"end":{"line":61,"column":38}},"27":{"start":{"line":63,"column":16},"end":{"line":63,"column":38}},"28":{"start":{"line":65,"column":16},"end":{"line":65,"column":22}},"29":{"start":{"line":68,"column":0},"end":{"line":68,"column":null}},"30":{"start":{"line":3,"column":13},"end":{"line":3,"column":22}}},"fnMap":{"0":{"name":"(anonymous_0)","decl":{"start":{"line":3,"column":0},"end":{"line":3,"column":13}},"loc":{"start":{"line":3,"column":0},"end":{"line":68,"column":null}}},"1":{"name":"Condition","decl":{"start":{"line":6,"column":4},"end":{"line":6,"column":16}},"loc":{"start":{"line":6,"column":46},"end":{"line":8,"column":5}}},"2":{"name":"(anonymous_2)","decl":{"start":{"line":10,"column":4},"end":{"line":10,"column":8}},"loc":{"start":{"line":10,"column":4},"end":{"line":12,"column":5}}},"3":{"name":"(anonymous_3)","decl":{"start":{"line":14,"column":4},"end":{"line":14,"column":8}},"loc":{"start":{"line":14,"column":4},"end":{"line":16,"column":5}}},"4":{"name":"(anonymous_4)","decl":{"start":{"line":18,"column":4},"end":{"line":18,"column":8}},"loc":{"start":{"line":18,"column":4},"end":{"line":20,"column":5}}},"5":{"name":"(anonymous_5)","decl":{"start":{"line":22,"column":4},"end":{"line":22,"column":9}},"loc":{"start":{"line":22,"column":32},"end":{"line":67,"column":5}}}},"branchMap":{"0":{"loc":{"start":{"line":26,"column":12},"end":{"line":30,"column":null}},"type":"if","locations":[{"start":{"line":26,"column":12},"end":{"line":30,"column":null}},{"start":{"line":28,"column":17},"end":{"line":30,"column":null}}]},"1":{"loc":{"start":{"line":38,"column":12},"end":{"line":42,"column":null}},"type":"if","locations":[{"start":{"line":38,"column":12},"end":{"line":42,"column":null}},{"start":{"line":40,"column":17},"end":{"line":42,"column":null}}]},"2":{"loc":{"start":{"line":51,"column":8},"end":{"line":66,"column":null}},"type":"switch","locations":[{"start":{"line":52,"column":12},"end":{"line":53,"column":37}},{"start":{"line":54,"column":12},"end":{"line":55,"column":38}},{"start":{"line":56,"column":12},"end":{"line":57,"column":null}},{"start":{"line":58,"column":12},"end":{"line":59,"column":38}},{"start":{"line":60,"column":12},"end":{"line":61,"column":38}},{"start":{"line":62,"column":12},"end":{"line":63,"column":38}},{"start":{"line":64,"column":12},"end":{"line":65,"column":22}}]}},"s":{"0":5,"1":0,"2":5,"3":0,"4":5,"5":0,"6":5,"7":0,"8":5,"9":0,"10":0,"11":0,"12":0,"13":0,"14":0,"15":0,"16":0,"17":0,"18":0,"19":0,"20":0,"21":0,"22":0,"23":0,"24":0,"25":0,"26":0,"27":0,"28":0,"29":5,"30":5},"f":{"0":5,"1":0,"2":0,"3":0,"4":0,"5":0},"b":{"0":[0,0],"1":[0,0],"2":[0,0,0,0,0,0,0]}}
,"/Users/the-kid/work/contract-work/HiveCommandClient/packages/core/command-state-machine/src/Device/index.ts": {"path":"/Users/the-kid/work/contract-work/HiveCommandClient/packages/core/command-state-machine/src/Device/index.ts","statementMap":{"0":{"start":{"line":1,"column":0},"end":{"line":1,"column":30}},"1":{"start":{"line":2,"column":0},"end":{"line":2,"column":41}},"2":{"start":{"line":6,"column":0},"end":{"line":6,"column":13}},"3":{"start":{"line":13,"column":9},"end":{"line":13,"column":36}},"4":{"start":{"line":16,"column":2},"end":{"line":16,"column":23}},"5":{"start":{"line":18,"column":2},"end":{"line":20,"column":null}},"6":{"start":{"line":19,"column":3},"end":{"line":19,"column":32}},"7":{"start":{"line":23,"column":1},"end":{"line":25,"column":null}},"8":{"start":{"line":24,"column":2},"end":{"line":24,"column":26}},"9":{"start":{"line":27,"column":1},"end":{"line":29,"column":null}},"10":{"start":{"line":28,"column":2},"end":{"line":28,"column":25}},"11":{"start":{"line":31,"column":1},"end":{"line":33,"column":null}},"12":{"start":{"line":32,"column":2},"end":{"line":32,"column":44}},"13":{"start":{"line":35,"column":1},"end":{"line":37,"column":null}},"14":{"start":{"line":36,"column":2},"end":{"line":36,"column":35}},"15":{"start":{"line":39,"column":1},"end":{"line":41,"column":null}},"16":{"start":{"line":40,"column":2},"end":{"line":40,"column":31}},"17":{"start":{"line":43,"column":1},"end":{"line":60,"column":null}},"18":{"start":{"line":44,"column":15},"end":{"line":44,"column":31}},"19":{"start":{"line":45,"column":21},"end":{"line":45,"column":49}},"20":{"start":{"line":48,"column":15},"end":{"line":48,"column":19}},"21":{"start":{"line":50,"column":2},"end":{"line":50,"column":39}},"22":{"start":{"line":50,"column":25},"end":{"line":50,"column":39}},"23":{"start":{"line":53,"column":2},"end":{"line":58,"column":null}},"24":{"start":{"line":54,"column":3},"end":{"line":57,"column":null}},"25":{"start":{"line":55,"column":4},"end":{"line":55,"column":19}},"26":{"start":{"line":56,"column":4},"end":{"line":56,"column":10}},"27":{"start":{"line":59,"column":2},"end":{"line":59,"column":null}},"28":{"start":{"line":62,"column":1},"end":{"line":68,"column":null}},"29":{"start":{"line":63,"column":13},"end":{"line":63,"column":83}},"30":{"start":{"line":65,"column":14},"end":{"line":65,"column":45}},"31":{"start":{"line":67,"column":2},"end":{"line":67,"column":null}},"32":{"start":{"line":70,"column":1},"end":{"line":72,"column":null}},"33":{"start":{"line":71,"column":2},"end":{"line":71,"column":null}},"34":{"start":{"line":74,"column":7},"end":{"line":87,"column":null}},"35":{"start":{"line":75,"column":6},"end":{"line":75,"column":49}},"36":{"start":{"line":77,"column":19},"end":{"line":80,"column":null}},"37":{"start":{"line":78,"column":3},"end":{"line":78,"column":null}},"38":{"start":{"line":77,"column":8},"end":{"line":80,"column":null}},"39":{"start":{"line":82,"column":8},"end":{"line":82,"column":42}},"40":{"start":{"line":86,"column":2},"end":{"line":86,"column":56}},"41":{"start":{"line":89,"column":7},"end":{"line":96,"column":null}},"42":{"start":{"line":90,"column":2},"end":{"line":95,"column":null}},"43":{"start":{"line":91,"column":3},"end":{"line":94,"column":6}},"44":{"start":{"line":93,"column":4},"end":{"line":93,"column":null}},"45":{"start":{"line":98,"column":7},"end":{"line":107,"column":null}},"46":{"start":{"line":99,"column":2},"end":{"line":106,"column":null}},"47":{"start":{"line":101,"column":4},"end":{"line":101,"column":null}},"48":{"start":{"line":102,"column":4},"end":{"line":102,"column":null}},"49":{"start":{"line":110,"column":7},"end":{"line":114,"column":null}},"50":{"start":{"line":112,"column":3},"end":{"line":112,"column":null}},"51":{"start":{"line":115,"column":0},"end":{"line":115,"column":null}},"52":{"start":{"line":6,"column":13},"end":{"line":6,"column":24}}},"fnMap":{"0":{"name":"(anonymous_13)","decl":{"start":{"line":6,"column":0},"end":{"line":6,"column":13}},"loc":{"start":{"line":6,"column":0},"end":{"line":115,"column":null}}},"1":{"name":"StateDevice","decl":{"start":{"line":15,"column":1},"end":{"line":15,"column":13}},"loc":{"start":{"line":15,"column":34},"end":{"line":21,"column":2}}},"2":{"name":"(anonymous_15)","decl":{"start":{"line":23,"column":1},"end":{"line":23,"column":5}},"loc":{"start":{"line":23,"column":1},"end":{"line":25,"column":2}}},"3":{"name":"(anonymous_16)","decl":{"start":{"line":27,"column":1},"end":{"line":27,"column":5}},"loc":{"start":{"line":27,"column":1},"end":{"line":29,"column":2}}},"4":{"name":"(anonymous_17)","decl":{"start":{"line":31,"column":1},"end":{"line":31,"column":5}},"loc":{"start":{"line":31,"column":1},"end":{"line":33,"column":2}}},"5":{"name":"(anonymous_18)","decl":{"start":{"line":35,"column":1},"end":{"line":35,"column":5}},"loc":{"start":{"line":35,"column":1},"end":{"line":37,"column":2}}},"6":{"name":"(anonymous_19)","decl":{"start":{"line":39,"column":1},"end":{"line":39,"column":17}},"loc":{"start":{"line":39,"column":37},"end":{"line":41,"column":2}}},"7":{"name":"(anonymous_20)","decl":{"start":{"line":43,"column":1},"end":{"line":43,"column":21}},"loc":{"start":{"line":43,"column":39},"end":{"line":60,"column":2}}},"8":{"name":"(anonymous_21)","decl":{"start":{"line":62,"column":1},"end":{"line":62,"column":15}},"loc":{"start":{"line":62,"column":95},"end":{"line":68,"column":2}}},"9":{"name":"(anonymous_22)","decl":{"start":{"line":70,"column":1},"end":{"line":70,"column":5}},"loc":{"start":{"line":70,"column":1},"end":{"line":72,"column":2}}},"10":{"name":"(anonymous_23)","decl":{"start":{"line":74,"column":1},"end":{"line":74,"column":7}},"loc":{"start":{"line":74,"column":32},"end":{"line":87,"column":null}}},"11":{"name":"(anonymous_26)","decl":{"start":{"line":77,"column":47},"end":{"line":77,"column":48}},"loc":{"start":{"line":77,"column":52},"end":{"line":80,"column":3}}},"12":{"name":"(anonymous_27)","decl":{"start":{"line":89,"column":1},"end":{"line":89,"column":7}},"loc":{"start":{"line":89,"column":1},"end":{"line":96,"column":null}}},"13":{"name":"(anonymous_30)","decl":{"start":{"line":90,"column":20},"end":{"line":90,"column":21}},"loc":{"start":{"line":90,"column":36},"end":{"line":95,"column":3}}},"14":{"name":"(anonymous_31)","decl":{"start":{"line":91,"column":24},"end":{"line":91,"column":null}},"loc":{"start":{"line":91,"column":24},"end":{"line":94,"column":4}}},"15":{"name":"(anonymous_32)","decl":{"start":{"line":98,"column":1},"end":{"line":98,"column":7}},"loc":{"start":{"line":98,"column":1},"end":{"line":107,"column":null}}},"16":{"name":"(anonymous_35)","decl":{"start":{"line":99,"column":20},"end":{"line":99,"column":21}},"loc":{"start":{"line":99,"column":36},"end":{"line":106,"column":3}}},"17":{"name":"(anonymous_36)","decl":{"start":{"line":110,"column":1},"end":{"line":110,"column":7}},"loc":{"start":{"line":110,"column":108},"end":{"line":114,"column":null}}}},"branchMap":{"0":{"loc":{"start":{"line":18,"column":2},"end":{"line":20,"column":null}},"type":"if","locations":[{"start":{"line":18,"column":2},"end":{"line":20,"column":null}}]},"1":{"loc":{"start":{"line":45,"column":21},"end":{"line":45,"column":49}},"type":"cond-expr","locations":[{"start":{"line":45,"column":42},"end":{"line":45,"column":44}},{"start":{"line":45,"column":42},"end":{"line":45,"column":49}}]},"2":{"loc":{"start":{"line":45,"column":21},"end":{"line":45,"column":44}},"type":"binary-expr","locations":[{"start":{"line":45,"column":21},"end":{"line":45,"column":44}},{"start":{"line":45,"column":42},"end":{"line":45,"column":44}}]},"3":{"loc":{"start":{"line":50,"column":2},"end":{"line":50,"column":39}},"type":"if","locations":[{"start":{"line":50,"column":2},"end":{"line":50,"column":39}}]},"4":{"loc":{"start":{"line":54,"column":3},"end":{"line":57,"column":null}},"type":"if","locations":[{"start":{"line":54,"column":3},"end":{"line":57,"column":null}}]},"5":{"loc":{"start":{"line":54,"column":9},"end":{"line":54,"column":26}},"type":"cond-expr","locations":[{"start":{"line":54,"column":21},"end":{"line":54,"column":24}},{"start":{"line":54,"column":9},"end":{"line":54,"column":26}}]},"6":{"loc":{"start":{"line":54,"column":9},"end":{"line":54,"column":24}},"type":"binary-expr","locations":[{"start":{"line":54,"column":9},"end":{"line":54,"column":24}},{"start":{"line":54,"column":9},"end":{"line":54,"column":24}}]},"7":{"loc":{"start":{"line":54,"column":36},"end":{"line":54,"column":53}},"type":"cond-expr","locations":[{"start":{"line":54,"column":48},"end":{"line":54,"column":51}},{"start":{"line":54,"column":36},"end":{"line":54,"column":53}}]},"8":{"loc":{"start":{"line":54,"column":36},"end":{"line":54,"column":51}},"type":"binary-expr","locations":[{"start":{"line":54,"column":36},"end":{"line":54,"column":51}},{"start":{"line":54,"column":36},"end":{"line":54,"column":51}}]},"9":{"loc":{"start":{"line":65,"column":14},"end":{"line":65,"column":45}},"type":"cond-expr","locations":[{"start":{"line":65,"column":32},"end":{"line":65,"column":35}},{"start":{"line":65,"column":32},"end":{"line":65,"column":45}}]},"10":{"loc":{"start":{"line":65,"column":14},"end":{"line":65,"column":35}},"type":"binary-expr","locations":[{"start":{"line":65,"column":14},"end":{"line":65,"column":35}},{"start":{"line":65,"column":32},"end":{"line":65,"column":35}}]},"11":{"loc":{"start":{"line":65,"column":14},"end":{"line":65,"column":32}},"type":"cond-expr","locations":[{"start":{"line":65,"column":19},"end":{"line":65,"column":21}},{"start":{"line":65,"column":14},"end":{"line":65,"column":32}}]},"12":{"loc":{"start":{"line":65,"column":14},"end":{"line":65,"column":21}},"type":"binary-expr","locations":[{"start":{"line":65,"column":14},"end":{"line":65,"column":21}},{"start":{"line":65,"column":14},"end":{"line":65,"column":21}}]},"13":{"loc":{"start":{"line":71,"column":9},"end":{"line":71,"column":37}},"type":"cond-expr","locations":[{"start":{"line":71,"column":30},"end":{"line":71,"column":32}},{"start":{"line":71,"column":30},"end":{"line":71,"column":37}}]},"14":{"loc":{"start":{"line":71,"column":9},"end":{"line":71,"column":32}},"type":"binary-expr","locations":[{"start":{"line":71,"column":9},"end":{"line":71,"column":32}},{"start":{"line":71,"column":30},"end":{"line":71,"column":32}}]},"15":{"loc":{"start":{"line":75,"column":14},"end":{"line":75,"column":48}},"type":"binary-expr","locations":[{"start":{"line":75,"column":14},"end":{"line":75,"column":42}},{"start":{"line":75,"column":46},"end":{"line":75,"column":48}}]},"16":{"loc":{"start":{"line":75,"column":14},"end":{"line":75,"column":42}},"type":"cond-expr","locations":[{"start":{"line":75,"column":35},"end":{"line":75,"column":37}},{"start":{"line":75,"column":35},"end":{"line":75,"column":42}}]},"17":{"loc":{"start":{"line":75,"column":14},"end":{"line":75,"column":37}},"type":"binary-expr","locations":[{"start":{"line":75,"column":14},"end":{"line":75,"column":37}},{"start":{"line":75,"column":35},"end":{"line":75,"column":37}}]},"18":{"loc":{"start":{"line":90,"column":2},"end":{"line":95,"column":null}},"type":"switch","locations":[{"start":{"line":90,"column":2},"end":{"line":95,"column":null}}]},"19":{"loc":{"start":{"line":99,"column":2},"end":{"line":106,"column":null}},"type":"switch","locations":[{"start":{"line":99,"column":2},"end":{"line":106,"column":null}}]},"20":{"loc":{"start":{"line":101,"column":4},"end":{"line":101,"column":28}},"type":"cond-expr","locations":[{"start":{"line":101,"column":18},"end":{"line":101,"column":20}},{"start":{"line":101,"column":18},"end":{"line":101,"column":28}}]},"21":{"loc":{"start":{"line":101,"column":4},"end":{"line":101,"column":20}},"type":"binary-expr","locations":[{"start":{"line":101,"column":4},"end":{"line":101,"column":20}},{"start":{"line":101,"column":18},"end":{"line":101,"column":20}}]},"22":{"loc":{"start":{"line":112,"column":9},"end":{"line":112,"column":67}},"type":"cond-expr","locations":[{"start":{"line":112,"column":25},"end":{"line":112,"column":28}},{"start":{"line":112,"column":9},"end":{"line":112,"column":67}}]},"23":{"loc":{"start":{"line":112,"column":9},"end":{"line":112,"column":28}},"type":"binary-expr","locations":[{"start":{"line":112,"column":9},"end":{"line":112,"column":28}},{"start":{"line":112,"column":9},"end":{"line":112,"column":28}}]}},"s":{"0":5,"1":5,"2":5,"3":1,"4":1,"5":1,"6":1,"7":5,"8":4,"9":5,"10":0,"11":5,"12":0,"13":5,"14":2,"15":5,"16":0,"17":5,"18":0,"19":0,"20":0,"21":0,"22":0,"23":0,"24":0,"25":0,"26":0,"27":0,"28":5,"29":0,"30":0,"31":0,"32":5,"33":0,"34":5,"35":0,"36":0,"37":0,"38":0,"39":0,"40":0,"41":5,"42":3,"43":2,"44":1,"45":5,"46":0,"47":0,"48":0,"49":5,"50":0,"51":5,"52":5},"f":{"0":5,"1":1,"2":4,"3":0,"4":0,"5":2,"6":0,"7":0,"8":0,"9":0,"10":0,"11":0,"12":2,"13":2,"14":1,"15":0,"16":0,"17":0},"b":{"0":[1],"1":[0,0],"2":[0,0],"3":[0],"4":[0],"5":[0,0],"6":[0,0],"7":[0,0],"8":[0,0],"9":[0,0],"10":[0,0],"11":[0,0],"12":[0,0],"13":[0,0],"14":[0,0],"15":[0,0],"16":[0,0],"17":[0,0],"18":[2],"19":[0],"20":[0,0],"21":[0,0],"22":[0,0],"23":[0,0]}}
,"/Users/the-kid/work/contract-work/HiveCommandClient/packages/core/command-state-machine/src/State/index.ts": {"path":"/Users/the-kid/work/contract-work/HiveCommandClient/packages/core/command-state-machine/src/State/index.ts","statementMap":{"0":{"start":{"line":1,"column":0},"end":{"line":1,"column":13}},"1":{"start":{"line":10,"column":2},"end":{"line":10,"column":35}},"2":{"start":{"line":13,"column":8},"end":{"line":15,"column":null}},"3":{"start":{"line":14,"column":2},"end":{"line":14,"column":null}},"4":{"start":{"line":17,"column":8},"end":{"line":20,"column":null}},"5":{"start":{"line":19,"column":2},"end":{"line":19,"column":45}},"6":{"start":{"line":22,"column":8},"end":{"line":31,"column":null}},"7":{"start":{"line":23,"column":2},"end":{"line":30,"column":null}},"8":{"start":{"line":24,"column":3},"end":{"line":27,"column":null}},"9":{"start":{"line":29,"column":3},"end":{"line":29,"column":35}},"10":{"start":{"line":32,"column":0},"end":{"line":32,"column":null}},"11":{"start":{"line":1,"column":13},"end":{"line":1,"column":18}}},"fnMap":{"0":{"name":"(anonymous_2)","decl":{"start":{"line":1,"column":0},"end":{"line":1,"column":13}},"loc":{"start":{"line":1,"column":0},"end":{"line":32,"column":null}}},"1":{"name":"State","decl":{"start":{"line":9,"column":1},"end":{"line":9,"column":13}},"loc":{"start":{"line":9,"column":41},"end":{"line":11,"column":2}}},"2":{"name":"(anonymous_4)","decl":{"start":{"line":13,"column":1},"end":{"line":13,"column":8}},"loc":{"start":{"line":13,"column":23},"end":{"line":15,"column":2}}},"3":{"name":"(anonymous_5)","decl":{"start":{"line":17,"column":1},"end":{"line":17,"column":8}},"loc":{"start":{"line":17,"column":44},"end":{"line":20,"column":2}}},"4":{"name":"(anonymous_6)","decl":{"start":{"line":22,"column":1},"end":{"line":22,"column":8}},"loc":{"start":{"line":22,"column":38},"end":{"line":31,"column":2}}}},"branchMap":{"0":{"loc":{"start":{"line":10,"column":23},"end":{"line":10,"column":34}},"type":"binary-expr","locations":[{"start":{"line":10,"column":23},"end":{"line":10,"column":28}},{"start":{"line":10,"column":32},"end":{"line":10,"column":34}}]},"1":{"loc":{"start":{"line":14,"column":9},"end":{"line":14,"column":34}},"type":"cond-expr","locations":[{"start":{"line":14,"column":27},"end":{"line":14,"column":30}},{"start":{"line":14,"column":27},"end":{"line":14,"column":34}}]},"2":{"loc":{"start":{"line":14,"column":9},"end":{"line":14,"column":30}},"type":"binary-expr","locations":[{"start":{"line":14,"column":9},"end":{"line":14,"column":30}},{"start":{"line":14,"column":27},"end":{"line":14,"column":30}}]},"3":{"loc":{"start":{"line":19,"column":9},"end":{"line":19,"column":44}},"type":"cond-expr","locations":[{"start":{"line":19,"column":34},"end":{"line":19,"column":37}},{"start":{"line":19,"column":34},"end":{"line":19,"column":44}}]},"4":{"loc":{"start":{"line":19,"column":9},"end":{"line":19,"column":37}},"type":"binary-expr","locations":[{"start":{"line":19,"column":9},"end":{"line":19,"column":37}},{"start":{"line":19,"column":34},"end":{"line":19,"column":37}}]},"5":{"loc":{"start":{"line":19,"column":9},"end":{"line":19,"column":34}},"type":"cond-expr","locations":[{"start":{"line":19,"column":27},"end":{"line":19,"column":30}},{"start":{"line":19,"column":27},"end":{"line":19,"column":34}}]},"6":{"loc":{"start":{"line":19,"column":9},"end":{"line":19,"column":30}},"type":"binary-expr","locations":[{"start":{"line":19,"column":9},"end":{"line":19,"column":30}},{"start":{"line":19,"column":27},"end":{"line":19,"column":30}}]},"7":{"loc":{"start":{"line":23,"column":2},"end":{"line":30,"column":null}},"type":"if","locations":[{"start":{"line":23,"column":2},"end":{"line":30,"column":null}},{"start":{"line":28,"column":7},"end":{"line":30,"column":null}}]}},"s":{"0":5,"1":8,"2":5,"3":4,"4":5,"5":0,"6":5,"7":1,"8":1,"9":0,"10":5,"11":5},"f":{"0":5,"1":8,"2":4,"3":0,"4":1},"b":{"0":[8,6],"1":[0,4],"2":[4,4],"3":[0,0],"4":[0,0],"5":[0,0],"6":[0,0],"7":[1,0]}}
,"/Users/the-kid/work/contract-work/HiveCommandClient/packages/core/command-state-machine/src/base-plugins/index.ts": {"path":"/Users/the-kid/work/contract-work/HiveCommandClient/packages/core/command-state-machine/src/base-plugins/index.ts","statementMap":{"0":{"start":{"line":1,"column":0},"end":{"line":1,"column":8}},"1":{"start":{"line":1,"column":8},"end":{"line":1,"column":24}},"2":{"start":{"line":2,"column":0},"end":{"line":2,"column":9}},"3":{"start":{"line":2,"column":9},"end":{"line":2,"column":26}},"4":{"start":{"line":3,"column":0},"end":{"line":3,"column":9}},"5":{"start":{"line":3,"column":9},"end":{"line":3,"column":31}},"6":{"start":{"line":4,"column":0},"end":{"line":4,"column":9}},"7":{"start":{"line":4,"column":9},"end":{"line":4,"column":27}}},"fnMap":{"0":{"name":"(anonymous_0)","decl":{"start":{"line":1,"column":8},"end":{"line":1,"column":15}},"loc":{"start":{"line":1,"column":8},"end":{"line":1,"column":24}}},"1":{"name":"(anonymous_1)","decl":{"start":{"line":2,"column":9},"end":{"line":2,"column":16}},"loc":{"start":{"line":2,"column":9},"end":{"line":2,"column":26}}},"2":{"name":"(anonymous_2)","decl":{"start":{"line":3,"column":9},"end":{"line":3,"column":16}},"loc":{"start":{"line":3,"column":9},"end":{"line":3,"column":31}}},"3":{"name":"(anonymous_3)","decl":{"start":{"line":4,"column":9},"end":{"line":4,"column":16}},"loc":{"start":{"line":4,"column":9},"end":{"line":4,"column":27}}}},"branchMap":{},"s":{"0":5,"1":10,"2":5,"3":10,"4":5,"5":10,"6":5,"7":10},"f":{"0":5,"1":5,"2":5,"3":5},"b":{}}
,"/Users/the-kid/work/contract-work/HiveCommandClient/packages/core/command-state-machine/src/base-plugins/action/index.ts": {"path":"/Users/the-kid/work/contract-work/HiveCommandClient/packages/core/command-state-machine/src/base-plugins/action/index.ts","statementMap":{"0":{"start":{"line":3,"column":23},"end":{"line":19,"column":null}},"1":{"start":{"line":5,"column":90},"end":{"line":19,"column":null}},"2":{"start":{"line":8,"column":1},"end":{"line":8,"column":null}},"3":{"start":{"line":10,"column":5},"end":{"line":10,"column":38}},"4":{"start":{"line":12,"column":14},"end":{"line":14,"column":null}},"5":{"start":{"line":12,"column":72},"end":{"line":14,"column":3}},"6":{"start":{"line":13,"column":9},"end":{"line":13,"column":null}},"7":{"start":{"line":13,"column":2},"end":{"line":13,"column":null}},"8":{"start":{"line":12,"column":5},"end":{"line":14,"column":null}},"9":{"start":{"line":17,"column":1},"end":{"line":17,"column":15}},"10":{"start":{"line":3,"column":13},"end":{"line":3,"column":23}}},"fnMap":{"0":{"name":"(anonymous_13)","decl":{"start":{"line":3,"column":23},"end":{"line":3,"column":null}},"loc":{"start":{"line":5,"column":90},"end":{"line":19,"column":null}}},"1":{"name":"(anonymous_14)","decl":{"start":{"line":5,"column":90},"end":{"line":5,"column":null}},"loc":{"start":{"line":5,"column":90},"end":{"line":19,"column":null}}},"2":{"name":"(anonymous_16)","decl":{"start":{"line":12,"column":44},"end":{"line":12,"column":51}},"loc":{"start":{"line":12,"column":72},"end":{"line":14,"column":3}}},"3":{"name":"(anonymous_17)","decl":{"start":{"line":12,"column":72},"end":{"line":12,"column":null}},"loc":{"start":{"line":12,"column":72},"end":{"line":14,"column":3}}}},"branchMap":{"0":{"loc":{"start":{"line":8,"column":24},"end":{"line":8,"column":40}},"type":"cond-expr","locations":[{"start":{"line":8,"column":31},"end":{"line":8,"column":33}},{"start":{"line":8,"column":24},"end":{"line":8,"column":40}}]},"1":{"loc":{"start":{"line":8,"column":24},"end":{"line":8,"column":33}},"type":"binary-expr","locations":[{"start":{"line":8,"column":24},"end":{"line":8,"column":33}},{"start":{"line":8,"column":24},"end":{"line":8,"column":33}}]},"2":{"loc":{"start":{"line":10,"column":15},"end":{"line":10,"column":37}},"type":"binary-expr","locations":[{"start":{"line":10,"column":15},"end":{"line":10,"column":31}},{"start":{"line":10,"column":35},"end":{"line":10,"column":37}}]},"3":{"loc":{"start":{"line":10,"column":15},"end":{"line":10,"column":31}},"type":"cond-expr","locations":[{"start":{"line":10,"column":22},"end":{"line":10,"column":24}},{"start":{"line":10,"column":15},"end":{"line":10,"column":31}}]},"4":{"loc":{"start":{"line":10,"column":15},"end":{"line":10,"column":24}},"type":"binary-expr","locations":[{"start":{"line":10,"column":15},"end":{"line":10,"column":24}},{"start":{"line":10,"column":15},"end":{"line":10,"column":24}}]},"5":{"loc":{"start":{"line":13,"column":9},"end":{"line":13,"column":null}},"type":"switch","locations":[{"start":{"line":13,"column":9},"end":{"line":13,"column":null}},{"start":{"line":13,"column":2},"end":{"line":13,"column":null}}]},"6":{"loc":{"start":{"line":13,"column":15},"end":{"line":13,"column":94}},"type":"cond-expr","locations":[{"start":{"line":13,"column":18},"end":{"line":13,"column":20}},{"start":{"line":13,"column":15},"end":{"line":13,"column":94}}]},"7":{"loc":{"start":{"line":13,"column":15},"end":{"line":13,"column":20}},"type":"binary-expr","locations":[{"start":{"line":13,"column":15},"end":{"line":13,"column":20}},{"start":{"line":13,"column":15},"end":{"line":13,"column":20}}]},"8":{"loc":{"start":{"line":13,"column":52},"end":{"line":13,"column":75}},"type":"binary-expr","locations":[{"start":{"line":13,"column":52},"end":{"line":13,"column":66}},{"start":{"line":13,"column":70},"end":{"line":13,"column":75}}]}},"s":{"0":5,"1":24,"2":24,"3":24,"4":24,"5":19,"6":19,"7":19,"8":24,"9":24,"10":5},"f":{"0":24,"1":24,"2":19,"3":19},"b":{"0":[2,22],"1":[24,24],"2":[24,6],"3":[2,22],"4":[24,24],"5":[19,19],"6":[0,19],"7":[19,19],"8":[19,19]}}
,"/Users/the-kid/work/contract-work/HiveCommandClient/packages/core/command-state-machine/src/base-plugins/sub-process/index.ts": {"path":"/Users/the-kid/work/contract-work/HiveCommandClient/packages/core/command-state-machine/src/base-plugins/sub-process/index.ts","statementMap":{"0":{"start":{"line":1,"column":0},"end":{"line":1,"column":77}},"1":{"start":{"line":4,"column":23},"end":{"line":35,"column":null}},"2":{"start":{"line":7,"column":21},"end":{"line":35,"column":null}},"3":{"start":{"line":10,"column":5},"end":{"line":10,"column":null}},"4":{"start":{"line":10,"column":51},"end":{"line":10,"column":84}},"5":{"start":{"line":11,"column":4},"end":{"line":11,"column":15}},"6":{"start":{"line":13,"column":2},"end":{"line":13,"column":null}},"7":{"start":{"line":14,"column":6},"end":{"line":14,"column":null}},"8":{"start":{"line":16,"column":2},"end":{"line":16,"column":null}},"9":{"start":{"line":17,"column":2},"end":{"line":17,"column":null}},"10":{"start":{"line":4,"column":13},"end":{"line":4,"column":23}}},"fnMap":{"0":{"name":"(anonymous_13)","decl":{"start":{"line":4,"column":23},"end":{"line":4,"column":null}},"loc":{"start":{"line":7,"column":21},"end":{"line":35,"column":null}}},"1":{"name":"(anonymous_14)","decl":{"start":{"line":7,"column":21},"end":{"line":7,"column":null}},"loc":{"start":{"line":7,"column":21},"end":{"line":35,"column":null}}},"2":{"name":"(anonymous_16)","decl":{"start":{"line":10,"column":44},"end":{"line":10,"column":45}},"loc":{"start":{"line":10,"column":46},"end":{"line":10,"column":52}}}},"branchMap":{"0":{"loc":{"start":{"line":10,"column":19},"end":{"line":10,"column":84}},"type":"cond-expr","locations":[{"start":{"line":10,"column":37},"end":{"line":10,"column":39}},{"start":{"line":10,"column":37},"end":{"line":10,"column":84}}]},"1":{"loc":{"start":{"line":10,"column":19},"end":{"line":10,"column":39}},"type":"binary-expr","locations":[{"start":{"line":10,"column":19},"end":{"line":10,"column":39}},{"start":{"line":10,"column":37},"end":{"line":10,"column":39}}]},"2":{"loc":{"start":{"line":10,"column":59},"end":{"line":10,"column":83}},"type":"cond-expr","locations":[{"start":{"line":10,"column":66},"end":{"line":10,"column":69}},{"start":{"line":10,"column":59},"end":{"line":10,"column":83}}]},"3":{"loc":{"start":{"line":10,"column":59},"end":{"line":10,"column":69}},"type":"binary-expr","locations":[{"start":{"line":10,"column":59},"end":{"line":10,"column":69}},{"start":{"line":10,"column":59},"end":{"line":10,"column":69}}]},"4":{"loc":{"start":{"line":11,"column":4},"end":{"line":11,"column":15}},"type":"if","locations":[{"start":{"line":11,"column":4},"end":{"line":11,"column":15}}]}},"s":{"0":5,"1":5,"2":4,"3":4,"4":6,"5":4,"6":4,"7":4,"8":7,"9":3,"10":5},"f":{"0":4,"1":4,"2":6},"b":{"0":[0,4],"1":[4,4],"2":[0,6],"3":[6,6],"4":[0]}}
,"/Users/the-kid/work/contract-work/HiveCommandClient/packages/core/command-state-machine/src/base-plugins/timer/Timer.ts": {"path":"/Users/the-kid/work/contract-work/HiveCommandClient/packages/core/command-state-machine/src/base-plugins/timer/Timer.ts","statementMap":{"0":{"start":{"line":2,"column":0},"end":{"line":2,"column":13}},"1":{"start":{"line":4,"column":11},"end":{"line":4,"column":35}},"2":{"start":{"line":6,"column":12},"end":{"line":6,"column":36}},"3":{"start":{"line":13,"column":8},"end":{"line":13,"column":31}},"4":{"start":{"line":16,"column":4},"end":{"line":21,"column":null}},"5":{"start":{"line":17,"column":8},"end":{"line":20,"column":null}},"6":{"start":{"line":18,"column":12},"end":{"line":18,"column":null}},"7":{"start":{"line":19,"column":12},"end":{"line":19,"column":33}},"8":{"start":{"line":23,"column":10},"end":{"line":32,"column":null}},"9":{"start":{"line":24,"column":8},"end":{"line":31,"column":null}},"10":{"start":{"line":25,"column":12},"end":{"line":25,"column":35}},"11":{"start":{"line":27,"column":12},"end":{"line":30,"column":null}},"12":{"start":{"line":28,"column":16},"end":{"line":28,"column":35}},"13":{"start":{"line":29,"column":16},"end":{"line":29,"column":30}},"14":{"start":{"line":33,"column":0},"end":{"line":33,"column":null}},"15":{"start":{"line":2,"column":13},"end":{"line":2,"column":18}}},"fnMap":{"0":{"name":"(anonymous_13)","decl":{"start":{"line":2,"column":0},"end":{"line":2,"column":13}},"loc":{"start":{"line":2,"column":0},"end":{"line":33,"column":null}}},"1":{"name":"Timer","decl":{"start":{"line":12,"column":4},"end":{"line":12,"column":16}},"loc":{"start":{"line":12,"column":31},"end":{"line":14,"column":5}}},"2":{"name":"(anonymous_15)","decl":{"start":{"line":16,"column":4},"end":{"line":16,"column":8}},"loc":{"start":{"line":16,"column":4},"end":{"line":21,"column":5}}},"3":{"name":"(anonymous_16)","decl":{"start":{"line":23,"column":4},"end":{"line":23,"column":10}},"loc":{"start":{"line":23,"column":4},"end":{"line":32,"column":null}}},"4":{"name":"(anonymous_19)","decl":{"start":{"line":24,"column":27},"end":{"line":24,"column":28}},"loc":{"start":{"line":24,"column":43},"end":{"line":31,"column":9}}},"5":{"name":"(anonymous_20)","decl":{"start":{"line":27,"column":36},"end":{"line":27,"column":null}},"loc":{"start":{"line":27,"column":36},"end":{"line":30,"column":13}}}},"branchMap":{"0":{"loc":{"start":{"line":17,"column":8},"end":{"line":20,"column":null}},"type":"if","locations":[{"start":{"line":17,"column":8},"end":{"line":20,"column":null}}]},"1":{"loc":{"start":{"line":19,"column":12},"end":{"line":19,"column":32}},"type":"cond-expr","locations":[{"start":{"line":19,"column":24},"end":{"line":19,"column":27}},{"start":{"line":19,"column":24},"end":{"line":19,"column":32}}]},"2":{"loc":{"start":{"line":19,"column":12},"end":{"line":19,"column":27}},"type":"binary-expr","locations":[{"start":{"line":19,"column":12},"end":{"line":19,"column":27}},{"start":{"line":19,"column":24},"end":{"line":19,"column":27}}]}},"s":{"0":5,"1":3,"2":3,"3":3,"4":5,"5":0,"6":0,"7":0,"8":5,"9":3,"10":3,"11":3,"12":3,"13":3,"14":5,"15":5},"f":{"0":5,"1":3,"2":0,"3":3,"4":3,"5":3},"b":{"0":[0],"1":[0,0],"2":[0,0]}}
,"/Users/the-kid/work/contract-work/HiveCommandClient/packages/core/command-state-machine/src/base-plugins/timer/index.ts": {"path":"/Users/the-kid/work/contract-work/HiveCommandClient/packages/core/command-state-machine/src/base-plugins/timer/index.ts","statementMap":{"0":{"start":{"line":1,"column":0},"end":{"line":1,"column":32}},"1":{"start":{"line":2,"column":0},"end":{"line":2,"column":32}},"2":{"start":{"line":4,"column":23},"end":{"line":28,"column":null}},"3":{"start":{"line":4,"column":54},"end":{"line":28,"column":null}},"4":{"start":{"line":6,"column":5},"end":{"line":6,"column":19}},"5":{"start":{"line":8,"column":5},"end":{"line":8,"column":null}},"6":{"start":{"line":13,"column":2},"end":{"line":13,"column":null}},"7":{"start":{"line":15,"column":6},"end":{"line":15,"column":null}},"8":{"start":{"line":17,"column":23},"end":{"line":17,"column":null}},"9":{"start":{"line":17,"column":8},"end":{"line":17,"column":null}},"10":{"start":{"line":19,"column":2},"end":{"line":19,"column":null}},"11":{"start":{"line":22,"column":2},"end":{"line":22,"column":22}},"12":{"start":{"line":4,"column":13},"end":{"line":4,"column":23}}},"fnMap":{"0":{"name":"(anonymous_13)","decl":{"start":{"line":4,"column":23},"end":{"line":4,"column":30}},"loc":{"start":{"line":4,"column":54},"end":{"line":28,"column":null}}},"1":{"name":"(anonymous_14)","decl":{"start":{"line":4,"column":54},"end":{"line":4,"column":null}},"loc":{"start":{"line":4,"column":54},"end":{"line":28,"column":null}}}},"branchMap":{},"s":{"0":5,"1":5,"2":5,"3":3,"4":3,"5":3,"6":3,"7":3,"8":3,"9":3,"10":3,"11":3,"12":5},"f":{"0":3,"1":3},"b":{}}
,"/Users/the-kid/work/contract-work/HiveCommandClient/packages/core/command-state-machine/src/base-plugins/trigger/index.ts": {"path":"/Users/the-kid/work/contract-work/HiveCommandClient/packages/core/command-state-machine/src/base-plugins/trigger/index.ts","statementMap":{"0":{"start":{"line":3,"column":23},"end":{"line":12,"column":null}},"1":{"start":{"line":5,"column":89},"end":{"line":12,"column":null}},"2":{"start":{"line":10,"column":1},"end":{"line":10,"column":13}},"3":{"start":{"line":3,"column":13},"end":{"line":3,"column":23}}},"fnMap":{"0":{"name":"(anonymous_13)","decl":{"start":{"line":3,"column":23},"end":{"line":3,"column":null}},"loc":{"start":{"line":5,"column":89},"end":{"line":12,"column":null}}},"1":{"name":"(anonymous_14)","decl":{"start":{"line":5,"column":89},"end":{"line":5,"column":null}},"loc":{"start":{"line":5,"column":89},"end":{"line":12,"column":null}}}},"branchMap":{},"s":{"0":5,"1":12,"2":12,"3":5},"f":{"0":12,"1":12},"b":{}}
,"/Users/the-kid/work/contract-work/HiveCommandClient/packages/core/command-state-machine/src/types/index.ts": {"path":"/Users/the-kid/work/contract-work/HiveCommandClient/packages/core/command-state-machine/src/types/index.ts","statementMap":{"0":{"start":{"line":1,"column":0},"end":{"line":1,"column":29}},"1":{"start":{"line":2,"column":0},"end":{"line":2,"column":32}},"2":{"start":{"line":3,"column":0},"end":{"line":3,"column":37}}},"fnMap":{},"branchMap":{},"s":{"0":5,"1":5,"2":5},"f":{},"b":{}}
}
