TN:
SF:src/index.ts
FN:14,(anonymous_29)
FN:42,(anonymous_30)
FN:70,CommandStateMachine
FN:86,(anonymous_32)
FN:94,(anonymous_33)
FN:103,(anonymous_34)
FN:107,(anonymous_35)
FN:120,(anonymous_36)
FN:121,(anonymous_37)
FN:124,(anonymous_38)
FN:125,(anonymous_39)
FN:132,(anonymous_40)
FN:135,(anonymous_43)
FN:135,(anonymous_44)
FN:135,(anonymous_45)
FN:136,(anonymous_46)
FN:148,(anonymous_47)
FN:165,(anonymous_48)
FN:169,(anonymous_49)
FN:173,(anonymous_50)
FN:192,(anonymous_51)
FN:195,(anonymous_54)
FN:195,(anonymous_55)
FN:197,(anonymous_56)
FN:197,(anonymous_57)
FN:210,(anonymous_59)
FN:211,(anonymous_62)
FN:233,(anonymous_63)
FN:260,(anonymous_66)
FN:264,(anonymous_69)
FN:264,(anonymous_70)
FN:294,(anonymous_72)
FN:295,(anonymous_75)
FN:295,(anonymous_76)
FNF:34
FNH:14
FNDA:5,(anonymous_29)
FNDA:5,(anonymous_30)
FNDA:8,CommandStateMachine
FNDA:1,(anonymous_32)
FNDA:8,(anonymous_33)
FNDA:4,(anonymous_34)
FNDA:0,(anonymous_35)
FNDA:0,(anonymous_36)
FNDA:0,(anonymous_37)
FNDA:0,(anonymous_38)
FNDA:0,(anonymous_39)
FNDA:0,(anonymous_40)
FNDA:0,(anonymous_43)
FNDA:0,(anonymous_44)
FNDA:0,(anonymous_45)
FNDA:0,(anonymous_46)
FNDA:0,(anonymous_47)
FNDA:0,(anonymous_48)
FNDA:0,(anonymous_49)
FNDA:0,(anonymous_50)
FNDA:0,(anonymous_51)
FNDA:0,(anonymous_54)
FNDA:0,(anonymous_55)
FNDA:0,(anonymous_56)
FNDA:0,(anonymous_57)
FNDA:19,(anonymous_59)
FNDA:4,(anonymous_62)
FNDA:0,(anonymous_63)
FNDA:6,(anonymous_66)
FNDA:8,(anonymous_69)
FNDA:19,(anonymous_70)
FNDA:5,(anonymous_72)
FNDA:7,(anonymous_75)
FNDA:21,(anonymous_76)
DA:2,5
DA:3,5
DA:6,5
DA:7,5
DA:8,5
DA:14,5
DA:15,5
DA:16,5
DA:17,5
DA:18,5
DA:21,5
DA:23,5
DA:42,5
DA:46,8
DA:48,8
DA:50,8
DA:52,8
DA:54,8
DA:56,8
DA:62,8
DA:68,8
DA:76,8
DA:78,8
DA:79,8
DA:80,8
DA:82,8
DA:84,8
DA:86,8
DA:88,8
DA:90,8
DA:92,8
DA:94,8
DA:103,5
DA:104,4
DA:107,5
DA:108,0
DA:120,5
DA:121,0
DA:124,5
DA:125,0
DA:126,0
DA:127,0
DA:132,5
DA:134,0
DA:135,0
DA:136,0
DA:138,0
DA:141,0
DA:142,0
DA:144,0
DA:145,0
DA:147,0
DA:148,0
DA:155,0
DA:165,5
DA:166,0
DA:169,5
DA:170,0
DA:173,5
DA:174,0
DA:192,5
DA:195,0
DA:196,0
DA:197,0
DA:200,0
DA:202,0
DA:203,0
DA:204,0
DA:210,5
DA:211,19
DA:213,36
DA:214,2
DA:215,2
DA:216,3
DA:217,1
DA:220,0
DA:221,0
DA:226,18
DA:227,36
DA:233,5
DA:234,0
DA:236,0
DA:260,5
DA:261,6
DA:264,16
DA:294,5
DA:295,14
DA:298,5
LF:88
LH:58
BRDA:14,0,0,5
BRDA:14,0,1,5
BRDA:76,1,0,8
BRDA:76,1,1,8
BRDA:82,2,0,8
BRDA:82,2,1,4
BRDA:86,3,0,7
BRDA:86,3,1,1
BRDA:86,4,0,8
BRDA:86,4,1,8
BRDA:121,5,0,0
BRDA:121,5,1,0
BRDA:121,6,0,0
BRDA:121,6,1,0
BRDA:121,7,0,0
BRDA:121,7,1,0
BRDA:121,8,0,0
BRDA:121,8,1,0
BRDA:125,9,0,0
BRDA:125,9,1,0
BRDA:125,10,0,0
BRDA:125,10,1,0
BRDA:126,11,0,0
BRDA:126,12,0,0
BRDA:126,12,1,0
BRDA:127,13,0,0
BRDA:127,13,1,0
BRDA:127,14,0,0
BRDA:127,14,1,0
BRDA:135,15,0,0
BRDA:135,15,1,0
BRDA:135,16,0,0
BRDA:135,16,1,0
BRDA:135,17,0,0
BRDA:135,17,1,0
BRDA:135,18,0,0
BRDA:135,18,1,0
BRDA:135,19,0,0
BRDA:135,19,1,0
BRDA:136,20,0,0
BRDA:136,20,1,0
BRDA:136,21,0,0
BRDA:136,21,1,0
BRDA:138,22,0,0
BRDA:142,23,0,0
BRDA:142,23,1,0
BRDA:147,24,0,0
BRDA:147,24,1,0
BRDA:148,25,0,0
BRDA:148,25,1,0
BRDA:148,26,0,0
BRDA:148,26,1,0
BRDA:174,27,0,0
BRDA:174,27,1,0
BRDA:174,28,0,0
BRDA:174,28,1,0
BRDA:195,29,0,0
BRDA:195,29,1,0
BRDA:195,30,0,0
BRDA:195,30,1,0
BRDA:200,31,0,0
BRDA:202,32,0,0
BRDA:220,33,0,0
BRDA:211,34,0,15
BRDA:211,34,1,4
BRDA:211,35,0,19
BRDA:211,35,1,19
BRDA:213,36,0,17
BRDA:213,37,0,17
BRDA:213,37,1,2
BRDA:213,38,0,19
BRDA:213,38,1,19
BRDA:215,39,0,0
BRDA:216,40,0,0
BRDA:216,40,1,2
BRDA:216,41,0,2
BRDA:216,41,1,2
BRDA:220,42,0,0
BRDA:220,42,1,0
BRDA:220,43,0,0
BRDA:220,43,1,0
BRDA:226,44,0,0
BRDA:264,45,0,8
BRDA:264,45,1,3
BRDA:295,46,0,5
BRDA:295,47,0,7
BRDA:295,47,1,7
BRF:87
BRH:27
end_of_record
TN:
SF:src/Condition/index.ts
FN:3,(anonymous_0)
FN:6,Condition
FN:10,(anonymous_2)
FN:14,(anonymous_3)
FN:18,(anonymous_4)
FN:22,(anonymous_5)
FNF:6
FNH:1
FNDA:5,(anonymous_0)
FNDA:0,Condition
FNDA:0,(anonymous_2)
FNDA:0,(anonymous_3)
FNDA:0,(anonymous_4)
FNDA:0,(anonymous_5)
DA:3,5
DA:7,0
DA:10,5
DA:11,0
DA:14,5
DA:15,0
DA:18,5
DA:19,0
DA:22,5
DA:24,0
DA:25,0
DA:26,0
DA:27,0
DA:29,0
DA:33,0
DA:36,0
DA:37,0
DA:38,0
DA:39,0
DA:41,0
DA:45,0
DA:51,0
DA:53,0
DA:55,0
DA:57,0
DA:59,0
DA:61,0
DA:63,0
DA:65,0
DA:68,5
LF:30
LH:6
BRDA:26,0,0,0
BRDA:26,0,1,0
BRDA:38,1,0,0
BRDA:38,1,1,0
BRDA:51,2,0,0
BRDA:51,2,1,0
BRDA:51,2,2,0
BRDA:51,2,3,0
BRDA:51,2,4,0
BRDA:51,2,5,0
BRDA:51,2,6,0
BRF:11
BRH:0
end_of_record
TN:
SF:src/Device/index.ts
FN:6,(anonymous_13)
FN:15,StateDevice
FN:23,(anonymous_15)
FN:27,(anonymous_16)
FN:31,(anonymous_17)
FN:35,(anonymous_18)
FN:39,(anonymous_19)
FN:43,(anonymous_20)
FN:62,(anonymous_21)
FN:70,(anonymous_22)
FN:74,(anonymous_23)
FN:77,(anonymous_26)
FN:89,(anonymous_27)
FN:90,(anonymous_30)
FN:91,(anonymous_31)
FN:98,(anonymous_32)
FN:99,(anonymous_35)
FN:110,(anonymous_36)
FNF:18
FNH:7
FNDA:5,(anonymous_13)
FNDA:1,StateDevice
FNDA:4,(anonymous_15)
FNDA:0,(anonymous_16)
FNDA:0,(anonymous_17)
FNDA:2,(anonymous_18)
FNDA:0,(anonymous_19)
FNDA:0,(anonymous_20)
FNDA:0,(anonymous_21)
FNDA:0,(anonymous_22)
FNDA:0,(anonymous_23)
FNDA:0,(anonymous_26)
FNDA:2,(anonymous_27)
FNDA:2,(anonymous_30)
FNDA:1,(anonymous_31)
FNDA:0,(anonymous_32)
FNDA:0,(anonymous_35)
FNDA:0,(anonymous_36)
DA:1,5
DA:2,5
DA:6,5
DA:13,1
DA:16,1
DA:18,1
DA:19,1
DA:23,5
DA:24,4
DA:27,5
DA:28,0
DA:31,5
DA:32,0
DA:35,5
DA:36,2
DA:39,5
DA:40,0
DA:43,5
DA:44,0
DA:45,0
DA:48,0
DA:50,0
DA:53,0
DA:54,0
DA:55,0
DA:56,0
DA:59,0
DA:62,5
DA:63,0
DA:65,0
DA:67,0
DA:70,5
DA:71,0
DA:74,5
DA:75,0
DA:77,0
DA:78,0
DA:82,0
DA:86,0
DA:89,5
DA:90,3
DA:91,2
DA:93,1
DA:98,5
DA:99,0
DA:101,0
DA:102,0
DA:110,5
DA:112,0
DA:115,5
LF:50
LH:25
BRDA:18,0,0,1
BRDA:45,1,0,0
BRDA:45,1,1,0
BRDA:45,2,0,0
BRDA:45,2,1,0
BRDA:50,3,0,0
BRDA:54,4,0,0
BRDA:54,5,0,0
BRDA:54,5,1,0
BRDA:54,6,0,0
BRDA:54,6,1,0
BRDA:54,7,0,0
BRDA:54,7,1,0
BRDA:54,8,0,0
BRDA:54,8,1,0
BRDA:65,9,0,0
BRDA:65,9,1,0
BRDA:65,10,0,0
BRDA:65,10,1,0
BRDA:65,11,0,0
BRDA:65,11,1,0
BRDA:65,12,0,0
BRDA:65,12,1,0
BRDA:71,13,0,0
BRDA:71,13,1,0
BRDA:71,14,0,0
BRDA:71,14,1,0
BRDA:75,15,0,0
BRDA:75,15,1,0
BRDA:75,16,0,0
BRDA:75,16,1,0
BRDA:75,17,0,0
BRDA:75,17,1,0
BRDA:90,18,0,2
BRDA:99,19,0,0
BRDA:101,20,0,0
BRDA:101,20,1,0
BRDA:101,21,0,0
BRDA:101,21,1,0
BRDA:112,22,0,0
BRDA:112,22,1,0
BRDA:112,23,0,0
BRDA:112,23,1,0
BRF:43
BRH:2
end_of_record
TN:
SF:src/State/index.ts
FN:1,(anonymous_2)
FN:9,State
FN:13,(anonymous_4)
FN:17,(anonymous_5)
FN:22,(anonymous_6)
FNF:5
FNH:4
FNDA:5,(anonymous_2)
FNDA:8,State
FNDA:4,(anonymous_4)
FNDA:0,(anonymous_5)
FNDA:1,(anonymous_6)
DA:1,5
DA:10,8
DA:13,5
DA:14,4
DA:17,5
DA:19,0
DA:22,5
DA:23,1
DA:24,1
DA:29,0
DA:32,5
LF:11
LH:9
BRDA:10,0,0,8
BRDA:10,0,1,6
BRDA:14,1,0,0
BRDA:14,1,1,4
BRDA:14,2,0,4
BRDA:14,2,1,4
BRDA:19,3,0,0
BRDA:19,3,1,0
BRDA:19,4,0,0
BRDA:19,4,1,0
BRDA:19,5,0,0
BRDA:19,5,1,0
BRDA:19,6,0,0
BRDA:19,6,1,0
BRDA:23,7,0,1
BRDA:23,7,1,0
BRF:16
BRH:6
end_of_record
TN:
SF:src/base-plugins/index.ts
FN:1,(anonymous_0)
FN:2,(anonymous_1)
FN:3,(anonymous_2)
FN:4,(anonymous_3)
FNF:4
FNH:4
FNDA:5,(anonymous_0)
FNDA:5,(anonymous_1)
FNDA:5,(anonymous_2)
FNDA:5,(anonymous_3)
DA:1,10
DA:2,10
DA:3,10
DA:4,10
LF:4
LH:4
BRF:0
BRH:0
end_of_record
TN:
SF:src/base-plugins/action/index.ts
FN:3,(anonymous_13)
FN:5,(anonymous_14)
FN:12,(anonymous_16)
FN:12,(anonymous_17)
FNF:4
FNH:4
FNDA:24,(anonymous_13)
FNDA:24,(anonymous_14)
FNDA:19,(anonymous_16)
FNDA:19,(anonymous_17)
DA:3,5
DA:5,24
DA:8,24
DA:10,24
DA:12,24
DA:13,19
DA:17,24
LF:7
LH:7
BRDA:8,0,0,2
BRDA:8,0,1,22
BRDA:8,1,0,24
BRDA:8,1,1,24
BRDA:10,2,0,24
BRDA:10,2,1,6
BRDA:10,3,0,2
BRDA:10,3,1,22
BRDA:10,4,0,24
BRDA:10,4,1,24
BRDA:13,5,0,19
BRDA:13,5,1,19
BRDA:13,6,0,0
BRDA:13,6,1,19
BRDA:13,7,0,19
BRDA:13,7,1,19
BRDA:13,8,0,19
BRDA:13,8,1,19
BRF:18
BRH:17
end_of_record
TN:
SF:src/base-plugins/sub-process/index.ts
FN:4,(anonymous_13)
FN:7,(anonymous_14)
FN:10,(anonymous_16)
FNF:3
FNH:3
FNDA:4,(anonymous_13)
FNDA:4,(anonymous_14)
FNDA:6,(anonymous_16)
DA:1,5
DA:4,5
DA:7,4
DA:10,6
DA:11,4
DA:13,4
DA:14,4
DA:16,7
DA:17,3
LF:9
LH:9
BRDA:10,0,0,0
BRDA:10,0,1,4
BRDA:10,1,0,4
BRDA:10,1,1,4
BRDA:10,2,0,0
BRDA:10,2,1,6
BRDA:10,3,0,6
BRDA:10,3,1,6
BRDA:11,4,0,0
BRF:9
BRH:6
end_of_record
TN:
SF:src/base-plugins/timer/Timer.ts
FN:2,(anonymous_13)
FN:12,Timer
FN:16,(anonymous_15)
FN:23,(anonymous_16)
FN:24,(anonymous_19)
FN:27,(anonymous_20)
FNF:6
FNH:5
FNDA:5,(anonymous_13)
FNDA:3,Timer
FNDA:0,(anonymous_15)
FNDA:3,(anonymous_16)
FNDA:3,(anonymous_19)
FNDA:3,(anonymous_20)
DA:2,5
DA:4,3
DA:6,3
DA:13,3
DA:16,5
DA:17,0
DA:18,0
DA:19,0
DA:23,5
DA:24,3
DA:25,3
DA:27,3
DA:28,3
DA:29,3
DA:33,5
LF:15
LH:12
BRDA:17,0,0,0
BRDA:19,1,0,0
BRDA:19,1,1,0
BRDA:19,2,0,0
BRDA:19,2,1,0
BRF:5
BRH:0
end_of_record
TN:
SF:src/base-plugins/timer/index.ts
FN:4,(anonymous_13)
FN:4,(anonymous_14)
FNF:2
FNH:2
FNDA:3,(anonymous_13)
FNDA:3,(anonymous_14)
DA:1,5
DA:2,5
DA:4,5
DA:6,3
DA:8,3
DA:13,3
DA:15,3
DA:17,3
DA:19,3
DA:22,3
LF:10
LH:10
BRF:0
BRH:0
end_of_record
TN:
SF:src/base-plugins/trigger/index.ts
FN:3,(anonymous_13)
FN:5,(anonymous_14)
FNF:2
FNH:2
FNDA:12,(anonymous_13)
FNDA:12,(anonymous_14)
DA:3,5
DA:5,12
DA:10,12
LF:3
LH:3
BRF:0
BRH:0
end_of_record
TN:
SF:src/types/index.ts
FNF:0
FNH:0
DA:1,5
DA:2,5
DA:3,5
LF:3
LH:3
BRF:0
BRH:0
end_of_record
